# configure exec: ./configure --prefix=/Users/user/Desktop/Cloud-project-master-3/MongoSystem/node_modules/node-rdkafka/build/deps --libdir=/Users/user/Desktop/Cloud-project-master-3/MongoSystem/node_modules/node-rdkafka/build/deps --prefix=/Users/user/Desktop/Cloud-project-master-3/MongoSystem/node_modules/node-rdkafka/build/deps --libdir=/Users/user/Desktop/Cloud-project-master-3/MongoSystem/node_modules/node-rdkafka/build/deps
# On Sun Mar 27 14:52:47 EEST 2022
DBG 21966: Setting distro (distro) status to ok (action ignore)
DBG 21966: ccenv: WITH_CC:  --version failed: mklove/modules/configure.base: line 1761: --version: command not found
DBG 21966: Setting ccenv (ccenv) status to failed (action cont)
DBG 21966: Check ccenv (WITH_CC, action cont (originally cont)) failed: command ' --version' failed:
mklove/modules/configure.base: line 1761: --version: command not found
DBG 21966: Setting gcc (gcc) status to ok (action cont)
DBG 21966: cxxenv: WITH_CXX:  --version failed: mklove/modules/configure.base: line 1761: --version: command not found
DBG 21966: Setting cxxenv (cxxenv) status to failed (action cont)
DBG 21966: Check cxxenv (WITH_CXX, action cont (originally cont)) failed: command ' --version' failed:
mklove/modules/configure.base: line 1761: --version: command not found
DBG 21966: Setting gxx (gxx) status to ok (action cont)
DBG 21966: Setting ld (ld) status to ok (action disable)
DBG 21966: Setting nm (nm) status to ok (action disable)
DBG 21966: Setting objdump (objdump) status to ok (action disable)
DBG 21966: Setting strip (strip) status to ok (action disable)
DBG 21966: Setting libtool (libtool) status to ok (action disable)
DBG 21966: Setting ranlib (ranlib) status to ok (action disable)
DBG 21966: Compile check cc_g_dwarf () (sub=0): gcc  -I/usr/local/opt/openssl/include -Wall -Werror _mkltmpnzM5H9.c -o _mkltmpnzM5H9.c.o  -L/usr/local/opt/openssl/lib -L/Users/user/Desktop/Cloud-project-master-3/MongoSystem/node_modules/node-rdkafka/build/deps -gstrict-dwarf
DBG 21966: Setting cc_g_dwarf (cc_g_dwarf) status to ok (action cont)
DBG 21966: pkgconfig: WITH_PKGCONFIG: pkg-config --version failed: mklove/modules/configure.base: line 1761: pkg-config: command not found
DBG 21966: Setting pkgconfig (pkgconfig) status to failed (action cont)
DBG 21966: Check pkgconfig (WITH_PKGCONFIG, action cont (originally cont)) failed: command 'pkg-config --version' failed:
mklove/modules/configure.base: line 1761: pkg-config: command not found
DBG 21966: install: WITH_INSTALL: install --version failed: install: illegal option -- -
usage: install [-bCcpSsv] [-B suffix] [-f flags] [-g group] [-m mode]
               [-o owner] file1 file2
       install [-bCcpSsv] [-B suffix] [-f flags] [-g group] [-m mode]
               [-o owner] file1 ... fileN directory
       install -d [-v] [-g group] [-m mode] [-o owner] directory ...
DBG 21966: Setting install (install) status to failed (action cont)
DBG 21966: Check install (WITH_INSTALL, action cont (originally cont)) failed: command 'install --version' failed:
install: illegal option -- -
usage: install [-bCcpSsv] [-B suffix] [-f flags] [-g group] [-m mode]
               [-o owner] file1 file2
       install [-bCcpSsv] [-B suffix] [-f flags] [-g group] [-m mode]
               [-o owner] file1 ... fileN directory
       install -d [-v] [-g group] [-m mode] [-o owner] directory ...
DBG 21966: Compile check PIC (HAVE_PIC) (sub=0): gcc  -I/usr/local/opt/openssl/include -gstrict-dwarf -O2 -Wall -Werror _mkltmpn2EMyj.c -o _mkltmpn2EMyj.c.o  -L/usr/local/opt/openssl/lib -L/Users/user/Desktop/Cloud-project-master-3/MongoSystem/node_modules/node-rdkafka/build/deps -fPIC
DBG 21966: Setting PIC (PIC) status to ok (action disable)
DBG 21966: Compile check gnulib (WITH_GNULD) (sub=0): gcc  -I/usr/local/opt/openssl/include -gstrict-dwarf -O2 -fPIC -Wall -Werror _mkltmpUj2JLW.c -o _mkltmpUj2JLW.c.o  -L/usr/local/opt/openssl/lib -L/Users/user/Desktop/Cloud-project-master-3/MongoSystem/node_modules/node-rdkafka/build/deps -shared -Wl,-soname,mkltest.0
DBG 21966: compile check for gnulib (WITH_GNULD) failed: gcc  -I/usr/local/opt/openssl/include -gstrict-dwarf -O2 -fPIC -Wall -Werror _mkltmpUj2JLW.c -o _mkltmpUj2JLW.c.o  -L/usr/local/opt/openssl/lib -L/Users/user/Desktop/Cloud-project-master-3/MongoSystem/node_modules/node-rdkafka/build/deps -shared -Wl,-soname,mkltest.0: ld: unknown option: -soname
clang: error: linker command failed with exit code 1 (use -v to see invocation)
DBG 21966: Setting gnulib (gnulib) status to failed (action cont)
DBG 21966: Check gnulib (WITH_GNULD, action cont (originally cont)) failed: compile check failed:
CC: CC
flags: -shared -Wl,-soname,mkltest.0
gcc  -I/usr/local/opt/openssl/include -gstrict-dwarf -O2 -fPIC -Wall -Werror _mkltmpUj2JLW.c -o _mkltmpUj2JLW.c.o  -L/usr/local/opt/openssl/lib -L/Users/user/Desktop/Cloud-project-master-3/MongoSystem/node_modules/node-rdkafka/build/deps -shared -Wl,-soname,mkltest.0:
ld: unknown option: -soname
clang: error: linker command failed with exit code 1 (use -v to see invocation)
source: 
DBG 21966: Compile check osxlib (WITH_OSXLD) (sub=0): gcc  -I/usr/local/opt/openssl/include -gstrict-dwarf -O2 -fPIC -Wall -Werror _mkltmp3wpogg.c -o _mkltmp3wpogg.c.o  -L/usr/local/opt/openssl/lib -L/Users/user/Desktop/Cloud-project-master-3/MongoSystem/node_modules/node-rdkafka/build/deps -dynamiclib -Wl,-install_name,/tmp/mkltest.so.0
DBG 21966: Setting osxlib (osxlib) status to ok (action cont)
DBG 21966: Compile check ldsflagvs () (sub=0): gcc  -I/usr/local/opt/openssl/include -gstrict-dwarf -O2 -fPIC -Wall -Werror _mkltmpk3BWVe.c -o _mkltmpk3BWVe.c.o  -L/usr/local/opt/openssl/lib -L/Users/user/Desktop/Cloud-project-master-3/MongoSystem/node_modules/node-rdkafka/build/deps -shared -Wl,--version-script=_mkltmpPKjCda
DBG 21966: compile check for ldsflagvs () failed: gcc  -I/usr/local/opt/openssl/include -gstrict-dwarf -O2 -fPIC -Wall -Werror _mkltmpk3BWVe.c -o _mkltmpk3BWVe.c.o  -L/usr/local/opt/openssl/lib -L/Users/user/Desktop/Cloud-project-master-3/MongoSystem/node_modules/node-rdkafka/build/deps -shared -Wl,--version-script=_mkltmpPKjCda: ld: unknown option: --version-script=_mkltmpPKjCda
clang: error: linker command failed with exit code 1 (use -v to see invocation)
DBG 21966: Setting ldsflagvs (ldsflagvs) status to failed (action cont)
DBG 21966: Check ldsflagvs (, action cont (originally cont)) failed: compile check failed:
CC: CC
flags: -shared -Wl,--version-script=_mkltmpPKjCda
gcc  -I/usr/local/opt/openssl/include -gstrict-dwarf -O2 -fPIC -Wall -Werror _mkltmpk3BWVe.c -o _mkltmpk3BWVe.c.o  -L/usr/local/opt/openssl/lib -L/Users/user/Desktop/Cloud-project-master-3/MongoSystem/node_modules/node-rdkafka/build/deps -shared -Wl,--version-script=_mkltmpPKjCda:
ld: unknown option: --version-script=_mkltmpPKjCda
clang: error: linker command failed with exit code 1 (use -v to see invocation)
source: 
DBG 21966: Compile check ldsflagm () (sub=0): gcc  -I/usr/local/opt/openssl/include -gstrict-dwarf -O2 -fPIC -Wall -Werror _mkltmpsShEKd.c -o _mkltmpsShEKd.c.o  -L/usr/local/opt/openssl/lib -L/Users/user/Desktop/Cloud-project-master-3/MongoSystem/node_modules/node-rdkafka/build/deps -shared -Wl,-M_mkltmpPKjCda
DBG 21966: compile check for ldsflagm () failed: gcc  -I/usr/local/opt/openssl/include -gstrict-dwarf -O2 -fPIC -Wall -Werror _mkltmpsShEKd.c -o _mkltmpsShEKd.c.o  -L/usr/local/opt/openssl/lib -L/Users/user/Desktop/Cloud-project-master-3/MongoSystem/node_modules/node-rdkafka/build/deps -shared -Wl,-M_mkltmpPKjCda: ld: unknown option: -M_mkltmpPKjCda
clang: error: linker command failed with exit code 1 (use -v to see invocation)
DBG 21966: Setting ldsflagm (ldsflagm) status to failed (action ignore)
DBG 21966: Check ldsflagm (, action ignore (originally ignore)) failed: compile check failed:
CC: CC
flags: -shared -Wl,-M_mkltmpPKjCda
gcc  -I/usr/local/opt/openssl/include -gstrict-dwarf -O2 -fPIC -Wall -Werror _mkltmpsShEKd.c -o _mkltmpsShEKd.c.o  -L/usr/local/opt/openssl/lib -L/Users/user/Desktop/Cloud-project-master-3/MongoSystem/node_modules/node-rdkafka/build/deps -shared -Wl,-M_mkltmpPKjCda:
ld: unknown option: -M_mkltmpPKjCda
clang: error: linker command failed with exit code 1 (use -v to see invocation)
source: 
DBG 21966: Compile check __atomic_32 (HAVE_ATOMICS_32) (sub=0): gcc  -I/usr/local/opt/openssl/include -gstrict-dwarf -O2 -fPIC -Wall -Werror _mkltmpqa6QFQ.c -o _mkltmpqa6QFQ.c.o  -L/usr/local/opt/openssl/lib -L/Users/user/Desktop/Cloud-project-master-3/MongoSystem/node_modules/node-rdkafka/build/deps 
DBG 21966: Setting __atomic_32 (__atomic_32) status to ok (action cont)
DBG 21966: Compile check __atomic_64 (HAVE_ATOMICS_64) (sub=0): gcc  -I/usr/local/opt/openssl/include -gstrict-dwarf -O2 -fPIC -Wall -Werror _mkltmpGar667.c -o _mkltmpGar667.c.o  -L/usr/local/opt/openssl/lib -L/Users/user/Desktop/Cloud-project-master-3/MongoSystem/node_modules/node-rdkafka/build/deps 
DBG 21966: Setting __atomic_64 (__atomic_64) status to ok (action cont)
DBG 21966: Compile check socket () (sub=0): gcc  -I/usr/local/opt/openssl/include -gstrict-dwarf -O2 -fPIC -Wall -Wsign-compare -Wfloat-equal -Wpointer-arith -Wcast-align -Wall -Werror _mkltmpFIuIsG.c -o _mkltmpFIuIsG.c.o  -L/usr/local/opt/openssl/lib -L/Users/user/Desktop/Cloud-project-master-3/MongoSystem/node_modules/node-rdkafka/build/deps 
DBG 21966: Setting socket (socket) status to ok (action cont)
DBG 21966: Setting parseversion (parseversion) status to ok (action cont)
DBG 21966: librt: Check for static library (libs -lrt, arfile variable STATIC_LIB_librt=, static filenames )
DBG 21966: Compile check librt () (sub=0): gcc  -I/usr/local/opt/openssl/include -gstrict-dwarf -O2 -fPIC -Wall -Wsign-compare -Wfloat-equal -Wpointer-arith -Wcast-align -Wall -Werror _mkltmp1llmdA.c -o _mkltmp1llmdA.c.o  -L/usr/local/opt/openssl/lib -L/Users/user/Desktop/Cloud-project-master-3/MongoSystem/node_modules/node-rdkafka/build/deps -lrt
DBG 21966: compile check for librt () failed: gcc  -I/usr/local/opt/openssl/include -gstrict-dwarf -O2 -fPIC -Wall -Wsign-compare -Wfloat-equal -Wpointer-arith -Wcast-align -Wall -Werror _mkltmp1llmdA.c -o _mkltmp1llmdA.c.o  -L/usr/local/opt/openssl/lib -L/Users/user/Desktop/Cloud-project-master-3/MongoSystem/node_modules/node-rdkafka/build/deps -lrt: ld: library not found for -lrt
clang: error: linker command failed with exit code 1 (use -v to see invocation)
DBG 21966: Setting librt (librt) status to failed (action cont)
DBG 21966: Check librt (, action cont (originally cont)) failed: compile check failed:
CC: CC
flags: -lrt
gcc  -I/usr/local/opt/openssl/include -gstrict-dwarf -O2 -fPIC -Wall -Wsign-compare -Wfloat-equal -Wpointer-arith -Wcast-align -Wall -Werror _mkltmp1llmdA.c -o _mkltmp1llmdA.c.o  -L/usr/local/opt/openssl/lib -L/Users/user/Desktop/Cloud-project-master-3/MongoSystem/node_modules/node-rdkafka/build/deps -lrt:
ld: library not found for -lrt
clang: error: linker command failed with exit code 1 (use -v to see invocation)
source: 
DBG 21966: libpthread: Check for static library (libs -lpthread, arfile variable STATIC_LIB_libpthread=, static filenames )
DBG 21966: Compile check libpthread () (sub=0): gcc  -I/usr/local/opt/openssl/include -gstrict-dwarf -O2 -fPIC -Wall -Wsign-compare -Wfloat-equal -Wpointer-arith -Wcast-align -Wall -Werror _mkltmpKPyRtk.c -o _mkltmpKPyRtk.c.o  -L/usr/local/opt/openssl/lib -L/Users/user/Desktop/Cloud-project-master-3/MongoSystem/node_modules/node-rdkafka/build/deps -lpthread
DBG 21966: Setting libpthread (libpthread) status to ok (action fail)
DBG 21966: libpthread: from lib_check: LIBS: prepend -lpthread
DBG 21966: c11threads: Check for static library (libs -lpthread, arfile variable STATIC_LIB_c11threads=, static filenames )
DBG 21966: Compile check c11threads (WITH_C11THREADS) (sub=0): gcc  -I/usr/local/opt/openssl/include -gstrict-dwarf -O2 -fPIC -Wall -Wsign-compare -Wfloat-equal -Wpointer-arith -Wcast-align -Wall -Werror _mkltmpFktaM6.c -o _mkltmpFktaM6.c.o  -L/usr/local/opt/openssl/lib -L/Users/user/Desktop/Cloud-project-master-3/MongoSystem/node_modules/node-rdkafka/build/deps -lpthread
DBG 21966: compile check for c11threads (WITH_C11THREADS) failed: gcc  -I/usr/local/opt/openssl/include -gstrict-dwarf -O2 -fPIC -Wall -Wsign-compare -Wfloat-equal -Wpointer-arith -Wcast-align -Wall -Werror _mkltmpFktaM6.c -o _mkltmpFktaM6.c.o  -L/usr/local/opt/openssl/lib -L/Users/user/Desktop/Cloud-project-master-3/MongoSystem/node_modules/node-rdkafka/build/deps -lpthread: _mkltmpFktaM6.c:2:10: fatal error: 'threads.h' file not found
#include <threads.h>
         ^~~~~~~~~~~
1 error generated.
DBG 21966: Setting c11threads (c11threads) status to failed (action disable)
DBG 21966: Check c11threads (WITH_C11THREADS, action disable (originally disable)) failed: compile check failed:
CC: CC
flags: -lpthread
gcc  -I/usr/local/opt/openssl/include -gstrict-dwarf -O2 -fPIC -Wall -Wsign-compare -Wfloat-equal -Wpointer-arith -Wcast-align -Wall -Werror _mkltmpFktaM6.c -o _mkltmpFktaM6.c.o  -L/usr/local/opt/openssl/lib -L/Users/user/Desktop/Cloud-project-master-3/MongoSystem/node_modules/node-rdkafka/build/deps -lpthread:
_mkltmpFktaM6.c:2:10: fatal error: 'threads.h' file not found
#include <threads.h>
         ^~~~~~~~~~~
1 error generated.
source: 
#include <threads.h>


static int start_func (void *arg) {
   int iarg = *(int *)arg;
   return iarg;
}

void foo (void) {
    thrd_t thr;
    int arg = 1;
    if (thrd_create(&thr, start_func, (void *)&arg) != thrd_success) {
      ;
    }
}

DBG 21966: libdl: Check for static library (libs -ldl, arfile variable STATIC_LIB_libdl=, static filenames )
DBG 21966: Compile check libdl (WITH_LIBDL) (sub=0): gcc  -I/usr/local/opt/openssl/include -gstrict-dwarf -O2 -fPIC -Wall -Wsign-compare -Wfloat-equal -Wpointer-arith -Wcast-align -Wall -Werror _mkltmpECG56C.c -o _mkltmpECG56C.c.o  -L/usr/local/opt/openssl/lib -L/Users/user/Desktop/Cloud-project-master-3/MongoSystem/node_modules/node-rdkafka/build/deps -ldl
DBG 21966: Setting libdl (libdl) status to ok (action disable)
DBG 21966: libdl: from lib_check: LIBS: prepend -ldl
DBG 21966: zlib: Check for static library (libs -lz, arfile variable STATIC_LIB_zlib=, static filenames libz.a)
DBG 21966: Compile check zlib (WITH_ZLIB) (sub=0): gcc  -I/usr/local/opt/openssl/include -gstrict-dwarf -O2 -fPIC -Wall -Wsign-compare -Wfloat-equal -Wpointer-arith -Wcast-align -Wall -Werror _mkltmpXCSi74.c -o _mkltmpXCSi74.c.o  -L/usr/local/opt/openssl/lib -L/Users/user/Desktop/Cloud-project-master-3/MongoSystem/node_modules/node-rdkafka/build/deps -lz
DBG 21966: Setting zlib (zlib) status to ok (action disable)
DBG 21966: zlib: from lib_check: LIBS: prepend -lz
DBG 21966: libcrypto: Check for static library (libs -lcrypto, arfile variable STATIC_LIB_libcrypto=, static filenames libcrypto.a)
DBG 21966: Compile check libcrypto () (sub=0): gcc  -I/usr/local/opt/openssl/include -gstrict-dwarf -O2 -fPIC -Wall -Wsign-compare -Wfloat-equal -Wpointer-arith -Wcast-align -Wall -Werror _mkltmp4gILiN.c -o _mkltmp4gILiN.c.o  -L/usr/local/opt/openssl/lib -L/Users/user/Desktop/Cloud-project-master-3/MongoSystem/node_modules/node-rdkafka/build/deps -lcrypto
DBG 21966: Setting libcrypto (libcrypto) status to ok (action disable)
DBG 21966: libcrypto: from lib_check: LIBS: prepend -lcrypto
DBG 21966: libssl: Check for static library (libs -lssl -lcrypto, arfile variable STATIC_LIB_libssl=, static filenames libssl.a)
DBG 21966: Compile check libssl (WITH_SSL) (sub=0): gcc  -I/usr/local/opt/openssl/include -gstrict-dwarf -O2 -fPIC -Wall -Wsign-compare -Wfloat-equal -Wpointer-arith -Wcast-align -Wall -Werror _mkltmpaoD3K3.c -o _mkltmpaoD3K3.c.o  -L/usr/local/opt/openssl/lib -L/Users/user/Desktop/Cloud-project-master-3/MongoSystem/node_modules/node-rdkafka/build/deps -lssl -lcrypto
DBG 21966: Setting libssl (libssl) status to ok (action disable)
DBG 21966: libssl: from lib_check: LIBS: prepend -lssl -lcrypto
DBG 21966: libsasl2: Check for static library (libs -lsasl2, arfile variable STATIC_LIB_libsasl2=, static filenames )
DBG 21966: Compile check libsasl2 (WITH_SASL_CYRUS) (sub=0): gcc  -I/usr/local/opt/openssl/include -gstrict-dwarf -O2 -fPIC -Wall -Wsign-compare -Wfloat-equal -Wpointer-arith -Wcast-align -Wall -Werror _mkltmpHm8Utf.c -o _mkltmpHm8Utf.c.o  -L/usr/local/opt/openssl/lib -L/Users/user/Desktop/Cloud-project-master-3/MongoSystem/node_modules/node-rdkafka/build/deps -lsasl2
DBG 21966: Setting libsasl2 (libsasl2) status to ok (action disable)
DBG 21966: libsasl2: from lib_check: LIBS: prepend -lsasl2
DBG 21966: libzstd: Check for static library (libs -lzstd, arfile variable STATIC_LIB_libzstd=, static filenames libzstd.a)
DBG 21966: Compile check libzstd (WITH_ZSTD) (sub=0): gcc  -I/usr/local/opt/openssl/include -gstrict-dwarf -O2 -fPIC -Wall -Wsign-compare -Wfloat-equal -Wpointer-arith -Wcast-align -Wall -Werror _mkltmpSk2RV4.c -o _mkltmpSk2RV4.c.o  -L/usr/local/opt/openssl/lib -L/Users/user/Desktop/Cloud-project-master-3/MongoSystem/node_modules/node-rdkafka/build/deps -lzstd
DBG 21966: compile check for libzstd (WITH_ZSTD) failed: gcc  -I/usr/local/opt/openssl/include -gstrict-dwarf -O2 -fPIC -Wall -Wsign-compare -Wfloat-equal -Wpointer-arith -Wcast-align -Wall -Werror _mkltmpSk2RV4.c -o _mkltmpSk2RV4.c.o  -L/usr/local/opt/openssl/lib -L/Users/user/Desktop/Cloud-project-master-3/MongoSystem/node_modules/node-rdkafka/build/deps -lzstd: _mkltmpSk2RV4.c:2:10: fatal error: 'zstd.h' file not found
#include <zstd.h>
         ^~~~~~~~
1 error generated.
DBG 21966: Setting libzstd (libzstd) status to failed (action disable)
DBG 21966: Check libzstd (WITH_ZSTD, action disable (originally disable)) failed: compile check failed:
CC: CC
flags: -lzstd
gcc  -I/usr/local/opt/openssl/include -gstrict-dwarf -O2 -fPIC -Wall -Wsign-compare -Wfloat-equal -Wpointer-arith -Wcast-align -Wall -Werror _mkltmpSk2RV4.c -o _mkltmpSk2RV4.c.o  -L/usr/local/opt/openssl/lib -L/Users/user/Desktop/Cloud-project-master-3/MongoSystem/node_modules/node-rdkafka/build/deps -lzstd:
_mkltmpSk2RV4.c:2:10: fatal error: 'zstd.h' file not found
#include <zstd.h>
         ^~~~~~~~
1 error generated.
source: 
#include <zstd.h>
#include <zstd_errors.h>

void foo (void) {
     ZSTD_getFrameContentSize(NULL, 0);
}

DBG 21966: libm: Check for static library (libs -lm, arfile variable STATIC_LIB_libm=, static filenames )
DBG 21966: Compile check libm () (sub=0): gcc  -I/usr/local/opt/openssl/include -gstrict-dwarf -O2 -fPIC -Wall -Wsign-compare -Wfloat-equal -Wpointer-arith -Wcast-align -Wall -Werror _mkltmpFvv23R.c -o _mkltmpFvv23R.c.o  -L/usr/local/opt/openssl/lib -L/Users/user/Desktop/Cloud-project-master-3/MongoSystem/node_modules/node-rdkafka/build/deps -lm
DBG 21966: Setting libm (libm) status to ok (action disable)
DBG 21966: libm: from lib_check: LIBS: prepend -lm
DBG 21966: liblz4: Check for static library (libs -llz4, arfile variable STATIC_LIB_liblz4=, static filenames liblz4.a)
DBG 21966: Compile check liblz4 (WITH_LZ4_EXT) (sub=0): gcc  -I/usr/local/opt/openssl/include -gstrict-dwarf -O2 -fPIC -Wall -Wsign-compare -Wfloat-equal -Wpointer-arith -Wcast-align -Wall -Werror _mkltmp4agUTY.c -o _mkltmp4agUTY.c.o  -L/usr/local/opt/openssl/lib -L/Users/user/Desktop/Cloud-project-master-3/MongoSystem/node_modules/node-rdkafka/build/deps -llz4
DBG 21966: compile check for liblz4 (WITH_LZ4_EXT) failed: gcc  -I/usr/local/opt/openssl/include -gstrict-dwarf -O2 -fPIC -Wall -Wsign-compare -Wfloat-equal -Wpointer-arith -Wcast-align -Wall -Werror _mkltmp4agUTY.c -o _mkltmp4agUTY.c.o  -L/usr/local/opt/openssl/lib -L/Users/user/Desktop/Cloud-project-master-3/MongoSystem/node_modules/node-rdkafka/build/deps -llz4: _mkltmp4agUTY.c:1:10: fatal error: 'lz4frame.h' file not found
#include <lz4frame.h>
         ^~~~~~~~~~~~
1 error generated.
DBG 21966: Setting liblz4 (liblz4) status to failed (action disable)
DBG 21966: Check liblz4 (WITH_LZ4_EXT, action disable (originally disable)) failed: compile check failed:
CC: CC
flags: -llz4
gcc  -I/usr/local/opt/openssl/include -gstrict-dwarf -O2 -fPIC -Wall -Wsign-compare -Wfloat-equal -Wpointer-arith -Wcast-align -Wall -Werror _mkltmp4agUTY.c -o _mkltmp4agUTY.c.o  -L/usr/local/opt/openssl/lib -L/Users/user/Desktop/Cloud-project-master-3/MongoSystem/node_modules/node-rdkafka/build/deps -llz4:
_mkltmp4agUTY.c:1:10: fatal error: 'lz4frame.h' file not found
#include <lz4frame.h>
         ^~~~~~~~~~~~
1 error generated.
source: #include <lz4frame.h>
DBG 21966: Compile check syslog (WITH_SYSLOG) (sub=0): gcc  -I/usr/local/opt/openssl/include -gstrict-dwarf -O2 -fPIC -Wall -Wsign-compare -Wfloat-equal -Wpointer-arith -Wcast-align -Wall -Werror _mkltmp3wdtgS.c -o _mkltmp3wdtgS.c.o  -L/usr/local/opt/openssl/lib -L/Users/user/Desktop/Cloud-project-master-3/MongoSystem/node_modules/node-rdkafka/build/deps 
DBG 21966: Setting syslog (syslog) status to ok (action disable)
DBG 21966: Compile check rapidjson (WITH_RAPIDJSON) (sub=0): g++  -I/usr/local/opt/openssl/include -gstrict-dwarf -O2 -fPIC -Wall -Wsign-compare -Wfloat-equal -Wpointer-arith -Wcast-align -Wall -Werror _mkltmptbhI5h.cpp -o _mkltmptbhI5h.cpp.o  -L/usr/local/opt/openssl/lib -L/Users/user/Desktop/Cloud-project-master-3/MongoSystem/node_modules/node-rdkafka/build/deps 
DBG 21966: compile check for rapidjson (WITH_RAPIDJSON) failed: g++  -I/usr/local/opt/openssl/include -gstrict-dwarf -O2 -fPIC -Wall -Wsign-compare -Wfloat-equal -Wpointer-arith -Wcast-align -Wall -Werror _mkltmptbhI5h.cpp -o _mkltmptbhI5h.cpp.o  -L/usr/local/opt/openssl/lib -L/Users/user/Desktop/Cloud-project-master-3/MongoSystem/node_modules/node-rdkafka/build/deps : _mkltmptbhI5h.cpp:1:10: fatal error: 'rapidjson/schema.h' file not found
#include <rapidjson/schema.h>
         ^~~~~~~~~~~~~~~~~~~~
1 error generated.
DBG 21966: Setting rapidjson (rapidjson) status to failed (action disable)
DBG 21966: Check rapidjson (WITH_RAPIDJSON, action disable (originally disable)) failed: compile check failed:
CC: CXX
flags: 
g++  -I/usr/local/opt/openssl/include -gstrict-dwarf -O2 -fPIC -Wall -Wsign-compare -Wfloat-equal -Wpointer-arith -Wcast-align -Wall -Werror _mkltmptbhI5h.cpp -o _mkltmptbhI5h.cpp.o  -L/usr/local/opt/openssl/lib -L/Users/user/Desktop/Cloud-project-master-3/MongoSystem/node_modules/node-rdkafka/build/deps :
_mkltmptbhI5h.cpp:1:10: fatal error: 'rapidjson/schema.h' file not found
#include <rapidjson/schema.h>
         ^~~~~~~~~~~~~~~~~~~~
1 error generated.
source: #include <rapidjson/schema.h>
DBG 21966: Compile check crc32chw (WITH_CRC32C_HW) (sub=0): gcc  -I/usr/local/opt/openssl/include -gstrict-dwarf -O2 -fPIC -Wall -Wsign-compare -Wfloat-equal -Wpointer-arith -Wcast-align -Wall -Werror _mkltmpcsMIgs.c -o _mkltmpcsMIgs.c.o  -L/usr/local/opt/openssl/lib -L/Users/user/Desktop/Cloud-project-master-3/MongoSystem/node_modules/node-rdkafka/build/deps 
DBG 21966: Setting crc32chw (crc32chw) status to ok (action disable)
DBG 21966: Compile check regex (HAVE_REGEX) (sub=0): gcc  -I/usr/local/opt/openssl/include -gstrict-dwarf -O2 -fPIC -Wall -Wsign-compare -Wfloat-equal -Wpointer-arith -Wcast-align -Wall -Werror _mkltmphN69jE.c -o _mkltmphN69jE.c.o  -L/usr/local/opt/openssl/lib -L/Users/user/Desktop/Cloud-project-master-3/MongoSystem/node_modules/node-rdkafka/build/deps 
DBG 21966: Setting regex (regex) status to ok (action disable)
DBG 21966: Compile check rand_r (HAVE_RAND_R) (sub=0): gcc  -I/usr/local/opt/openssl/include -gstrict-dwarf -O2 -fPIC -Wall -Wsign-compare -Wfloat-equal -Wpointer-arith -Wcast-align -Wall -Werror _mkltmpVtKEeB.c -o _mkltmpVtKEeB.c.o  -L/usr/local/opt/openssl/lib -L/Users/user/Desktop/Cloud-project-master-3/MongoSystem/node_modules/node-rdkafka/build/deps 
DBG 21966: Setting rand_r (rand_r) status to ok (action disable)
DBG 21966: Compile check strndup (HAVE_STRNDUP) (sub=0): gcc  -I/usr/local/opt/openssl/include -gstrict-dwarf -O2 -fPIC -Wall -Wsign-compare -Wfloat-equal -Wpointer-arith -Wcast-align -Wall -Werror _mkltmpLDGd22.c -o _mkltmpLDGd22.c.o  -L/usr/local/opt/openssl/lib -L/Users/user/Desktop/Cloud-project-master-3/MongoSystem/node_modules/node-rdkafka/build/deps 
DBG 21966: Setting strndup (strndup) status to ok (action disable)
DBG 21966: Compile check strlcpy (HAVE_STRLCPY) (sub=0): gcc  -I/usr/local/opt/openssl/include -gstrict-dwarf -O2 -fPIC -Wall -Wsign-compare -Wfloat-equal -Wpointer-arith -Wcast-align -Wall -Werror _mkltmpjoB0JR.c -o _mkltmpjoB0JR.c.o  -L/usr/local/opt/openssl/lib -L/Users/user/Desktop/Cloud-project-master-3/MongoSystem/node_modules/node-rdkafka/build/deps 
DBG 21966: Setting strlcpy (strlcpy) status to ok (action disable)
DBG 21966: Compile check strerror_r (HAVE_STRERROR_R) (sub=0): gcc  -I/usr/local/opt/openssl/include -gstrict-dwarf -O2 -fPIC -Wall -Wsign-compare -Wfloat-equal -Wpointer-arith -Wcast-align -Wall -Werror _mkltmpLYYEUN.c -o _mkltmpLYYEUN.c.o  -L/usr/local/opt/openssl/lib -L/Users/user/Desktop/Cloud-project-master-3/MongoSystem/node_modules/node-rdkafka/build/deps 
DBG 21966: Setting strerror_r (strerror_r) status to ok (action disable)
DBG 21966: Compile check strcasestr (HAVE_STRCASESTR) (sub=0): gcc  -I/usr/local/opt/openssl/include -gstrict-dwarf -O2 -fPIC -Wall -Wsign-compare -Wfloat-equal -Wpointer-arith -Wcast-align -Wall -Werror _mkltmpdU0oHW.c -o _mkltmpdU0oHW.c.o  -L/usr/local/opt/openssl/lib -L/Users/user/Desktop/Cloud-project-master-3/MongoSystem/node_modules/node-rdkafka/build/deps 
DBG 21966: Setting strcasestr (strcasestr) status to ok (action disable)
DBG 21966: Compile check pthread_setname_gnu (HAVE_PTHREAD_SETNAME_GNU) (sub=0): gcc  -I/usr/local/opt/openssl/include -gstrict-dwarf -O2 -fPIC -Wall -Wsign-compare -Wfloat-equal -Wpointer-arith -Wcast-align -Wall -Werror _mkltmpGMS3Gx.c -o _mkltmpGMS3Gx.c.o  -L/usr/local/opt/openssl/lib -L/Users/user/Desktop/Cloud-project-master-3/MongoSystem/node_modules/node-rdkafka/build/deps -D_GNU_SOURCE -lpthread
DBG 21966: compile check for pthread_setname_gnu (HAVE_PTHREAD_SETNAME_GNU) failed: gcc  -I/usr/local/opt/openssl/include -gstrict-dwarf -O2 -fPIC -Wall -Wsign-compare -Wfloat-equal -Wpointer-arith -Wcast-align -Wall -Werror _mkltmpGMS3Gx.c -o _mkltmpGMS3Gx.c.o  -L/usr/local/opt/openssl/lib -L/Users/user/Desktop/Cloud-project-master-3/MongoSystem/node_modules/node-rdkafka/build/deps -D_GNU_SOURCE -lpthread: _mkltmpGMS3Gx.c:5:38: error: too many arguments to function call, expected 1, have 2
  pthread_setname_np(pthread_self(), "abc");
  ~~~~~~~~~~~~~~~~~~                 ^~~~~
/Library/Developer/CommandLineTools/SDKs/MacOSX10.15.sdk/usr/include/pthread.h:512:1: note: 'pthread_setname_np' declared here
__API_AVAILABLE(macos(10.6), ios(3.2))
^
/Library/Developer/CommandLineTools/SDKs/MacOSX10.15.sdk/usr/include/Availability.h:504:162: note: expanded from macro '__API_AVAILABLE'
    #define __API_AVAILABLE(...) __API_AVAILABLE_GET_MACRO(__VA_ARGS__,__API_AVAILABLE7, __API_AVAILABLE6, __API_AVAILABLE5, __API_AVAILABLE4, __API_AVAILABLE3, __API_AVAILABLE2, __API_AVAILABLE1, 0)(__VA_ARGS__)
                                                                                                                                                                 ^
1 error generated.
DBG 21966: Setting pthread_setname_gnu (pthread_setname_gnu) status to failed (action disable)
DBG 21966: Check pthread_setname_gnu (HAVE_PTHREAD_SETNAME_GNU, action disable (originally disable)) failed: compile check failed:
CC: CC
flags: -D_GNU_SOURCE -lpthread
gcc  -I/usr/local/opt/openssl/include -gstrict-dwarf -O2 -fPIC -Wall -Wsign-compare -Wfloat-equal -Wpointer-arith -Wcast-align -Wall -Werror _mkltmpGMS3Gx.c -o _mkltmpGMS3Gx.c.o  -L/usr/local/opt/openssl/lib -L/Users/user/Desktop/Cloud-project-master-3/MongoSystem/node_modules/node-rdkafka/build/deps -D_GNU_SOURCE -lpthread:
_mkltmpGMS3Gx.c:5:38: error: too many arguments to function call, expected 1, have 2
  pthread_setname_np(pthread_self(), "abc");
  ~~~~~~~~~~~~~~~~~~                 ^~~~~
/Library/Developer/CommandLineTools/SDKs/MacOSX10.15.sdk/usr/include/pthread.h:512:1: note: 'pthread_setname_np' declared here
__API_AVAILABLE(macos(10.6), ios(3.2))
^
/Library/Developer/CommandLineTools/SDKs/MacOSX10.15.sdk/usr/include/Availability.h:504:162: note: expanded from macro '__API_AVAILABLE'
    #define __API_AVAILABLE(...) __API_AVAILABLE_GET_MACRO(__VA_ARGS__,__API_AVAILABLE7, __API_AVAILABLE6, __API_AVAILABLE5, __API_AVAILABLE4, __API_AVAILABLE3, __API_AVAILABLE2, __API_AVAILABLE1, 0)(__VA_ARGS__)
                                                                                                                                                                 ^
1 error generated.
source: 
#include <pthread.h>

void foo (void) {
  pthread_setname_np(pthread_self(), "abc");
}

DBG 21966: Compile check pthread_setname_darwin (HAVE_PTHREAD_SETNAME_DARWIN) (sub=0): gcc  -I/usr/local/opt/openssl/include -gstrict-dwarf -O2 -fPIC -Wall -Wsign-compare -Wfloat-equal -Wpointer-arith -Wcast-align -Wall -Werror _mkltmpAws2bp.c -o _mkltmpAws2bp.c.o  -L/usr/local/opt/openssl/lib -L/Users/user/Desktop/Cloud-project-master-3/MongoSystem/node_modules/node-rdkafka/build/deps -D_DARWIN_C_SOURCE -lpthread
DBG 21966: Setting pthread_setname_darwin (pthread_setname_darwin) status to ok (action disable)
DBG 21966: Setting nm (nm) status to ok (action cont)
DBG 21966: Compile check getrusage (HAVE_GETRUSAGE) (sub=0): gcc  -I/usr/local/opt/openssl/include -gstrict-dwarf -O2 -fPIC -Wall -Wsign-compare -Wfloat-equal -Wpointer-arith -Wcast-align -Wall -Werror _mkltmpKCY7ZI.c -o _mkltmpKCY7ZI.c.o  -L/usr/local/opt/openssl/lib -L/Users/user/Desktop/Cloud-project-master-3/MongoSystem/node_modules/node-rdkafka/build/deps 
DBG 21966: Setting getrusage (getrusage) status to ok (action disable)
