# configure exec: ./configure --prefix=/Users/user/Desktop/Cloud-project-master-3/CallCenterInputSystem/node_modules/node-rdkafka/build/deps --libdir=/Users/user/Desktop/Cloud-project-master-3/CallCenterInputSystem/node_modules/node-rdkafka/build/deps --prefix=/Users/user/Desktop/Cloud-project-master-3/CallCenterInputSystem/node_modules/node-rdkafka/build/deps --libdir=/Users/user/Desktop/Cloud-project-master-3/CallCenterInputSystem/node_modules/node-rdkafka/build/deps
# On Sun Mar 27 13:24:33 EEST 2022
DBG 2877: Setting distro (distro) status to ok (action ignore)
DBG 2877: ccenv: WITH_CC:  --version failed: mklove/modules/configure.base: line 1761: --version: command not found
DBG 2877: Setting ccenv (ccenv) status to failed (action cont)
DBG 2877: Check ccenv (WITH_CC, action cont (originally cont)) failed: command ' --version' failed:
mklove/modules/configure.base: line 1761: --version: command not found
DBG 2877: Setting gcc (gcc) status to ok (action cont)
DBG 2877: cxxenv: WITH_CXX:  --version failed: mklove/modules/configure.base: line 1761: --version: command not found
DBG 2877: Setting cxxenv (cxxenv) status to failed (action cont)
DBG 2877: Check cxxenv (WITH_CXX, action cont (originally cont)) failed: command ' --version' failed:
mklove/modules/configure.base: line 1761: --version: command not found
DBG 2877: Setting gxx (gxx) status to ok (action cont)
DBG 2877: Setting ld (ld) status to ok (action disable)
DBG 2877: Setting nm (nm) status to ok (action disable)
DBG 2877: Setting objdump (objdump) status to ok (action disable)
DBG 2877: Setting strip (strip) status to ok (action disable)
DBG 2877: Setting libtool (libtool) status to ok (action disable)
DBG 2877: Setting ranlib (ranlib) status to ok (action disable)
DBG 2877: Compile check cc_g_dwarf () (sub=0): gcc  -I/usr/local/opt/openssl/include -Wall -Werror _mkltmpqVYdYo.c -o _mkltmpqVYdYo.c.o  -L/usr/local/opt/openssl/lib -L/Users/user/Desktop/Cloud-project-master-3/CallCenterInputSystem/node_modules/node-rdkafka/build/deps -gstrict-dwarf
DBG 2877: Setting cc_g_dwarf (cc_g_dwarf) status to ok (action cont)
DBG 2877: pkgconfig: WITH_PKGCONFIG: pkg-config --version failed: mklove/modules/configure.base: line 1761: pkg-config: command not found
DBG 2877: Setting pkgconfig (pkgconfig) status to failed (action cont)
DBG 2877: Check pkgconfig (WITH_PKGCONFIG, action cont (originally cont)) failed: command 'pkg-config --version' failed:
mklove/modules/configure.base: line 1761: pkg-config: command not found
DBG 2877: install: WITH_INSTALL: install --version failed: install: illegal option -- -
usage: install [-bCcpSsv] [-B suffix] [-f flags] [-g group] [-m mode]
               [-o owner] file1 file2
       install [-bCcpSsv] [-B suffix] [-f flags] [-g group] [-m mode]
               [-o owner] file1 ... fileN directory
       install -d [-v] [-g group] [-m mode] [-o owner] directory ...
DBG 2877: Setting install (install) status to failed (action cont)
DBG 2877: Check install (WITH_INSTALL, action cont (originally cont)) failed: command 'install --version' failed:
install: illegal option -- -
usage: install [-bCcpSsv] [-B suffix] [-f flags] [-g group] [-m mode]
               [-o owner] file1 file2
       install [-bCcpSsv] [-B suffix] [-f flags] [-g group] [-m mode]
               [-o owner] file1 ... fileN directory
       install -d [-v] [-g group] [-m mode] [-o owner] directory ...
DBG 2877: Compile check PIC (HAVE_PIC) (sub=0): gcc  -I/usr/local/opt/openssl/include -gstrict-dwarf -O2 -Wall -Werror _mkltmpKiKgQ0.c -o _mkltmpKiKgQ0.c.o  -L/usr/local/opt/openssl/lib -L/Users/user/Desktop/Cloud-project-master-3/CallCenterInputSystem/node_modules/node-rdkafka/build/deps -fPIC
DBG 2877: Setting PIC (PIC) status to ok (action disable)
DBG 2877: Compile check gnulib (WITH_GNULD) (sub=0): gcc  -I/usr/local/opt/openssl/include -gstrict-dwarf -O2 -fPIC -Wall -Werror _mkltmpHek2X0.c -o _mkltmpHek2X0.c.o  -L/usr/local/opt/openssl/lib -L/Users/user/Desktop/Cloud-project-master-3/CallCenterInputSystem/node_modules/node-rdkafka/build/deps -shared -Wl,-soname,mkltest.0
DBG 2877: compile check for gnulib (WITH_GNULD) failed: gcc  -I/usr/local/opt/openssl/include -gstrict-dwarf -O2 -fPIC -Wall -Werror _mkltmpHek2X0.c -o _mkltmpHek2X0.c.o  -L/usr/local/opt/openssl/lib -L/Users/user/Desktop/Cloud-project-master-3/CallCenterInputSystem/node_modules/node-rdkafka/build/deps -shared -Wl,-soname,mkltest.0: ld: unknown option: -soname
clang: error: linker command failed with exit code 1 (use -v to see invocation)
DBG 2877: Setting gnulib (gnulib) status to failed (action cont)
DBG 2877: Check gnulib (WITH_GNULD, action cont (originally cont)) failed: compile check failed:
CC: CC
flags: -shared -Wl,-soname,mkltest.0
gcc  -I/usr/local/opt/openssl/include -gstrict-dwarf -O2 -fPIC -Wall -Werror _mkltmpHek2X0.c -o _mkltmpHek2X0.c.o  -L/usr/local/opt/openssl/lib -L/Users/user/Desktop/Cloud-project-master-3/CallCenterInputSystem/node_modules/node-rdkafka/build/deps -shared -Wl,-soname,mkltest.0:
ld: unknown option: -soname
clang: error: linker command failed with exit code 1 (use -v to see invocation)
source: 
DBG 2877: Compile check osxlib (WITH_OSXLD) (sub=0): gcc  -I/usr/local/opt/openssl/include -gstrict-dwarf -O2 -fPIC -Wall -Werror _mkltmpZRMhsK.c -o _mkltmpZRMhsK.c.o  -L/usr/local/opt/openssl/lib -L/Users/user/Desktop/Cloud-project-master-3/CallCenterInputSystem/node_modules/node-rdkafka/build/deps -dynamiclib -Wl,-install_name,/tmp/mkltest.so.0
DBG 2877: Setting osxlib (osxlib) status to ok (action cont)
DBG 2877: Compile check ldsflagvs () (sub=0): gcc  -I/usr/local/opt/openssl/include -gstrict-dwarf -O2 -fPIC -Wall -Werror _mkltmpQlu8c7.c -o _mkltmpQlu8c7.c.o  -L/usr/local/opt/openssl/lib -L/Users/user/Desktop/Cloud-project-master-3/CallCenterInputSystem/node_modules/node-rdkafka/build/deps -shared -Wl,--version-script=_mkltmpQYgOIT
DBG 2877: compile check for ldsflagvs () failed: gcc  -I/usr/local/opt/openssl/include -gstrict-dwarf -O2 -fPIC -Wall -Werror _mkltmpQlu8c7.c -o _mkltmpQlu8c7.c.o  -L/usr/local/opt/openssl/lib -L/Users/user/Desktop/Cloud-project-master-3/CallCenterInputSystem/node_modules/node-rdkafka/build/deps -shared -Wl,--version-script=_mkltmpQYgOIT: ld: unknown option: --version-script=_mkltmpQYgOIT
clang: error: linker command failed with exit code 1 (use -v to see invocation)
DBG 2877: Setting ldsflagvs (ldsflagvs) status to failed (action cont)
DBG 2877: Check ldsflagvs (, action cont (originally cont)) failed: compile check failed:
CC: CC
flags: -shared -Wl,--version-script=_mkltmpQYgOIT
gcc  -I/usr/local/opt/openssl/include -gstrict-dwarf -O2 -fPIC -Wall -Werror _mkltmpQlu8c7.c -o _mkltmpQlu8c7.c.o  -L/usr/local/opt/openssl/lib -L/Users/user/Desktop/Cloud-project-master-3/CallCenterInputSystem/node_modules/node-rdkafka/build/deps -shared -Wl,--version-script=_mkltmpQYgOIT:
ld: unknown option: --version-script=_mkltmpQYgOIT
clang: error: linker command failed with exit code 1 (use -v to see invocation)
source: 
DBG 2877: Compile check ldsflagm () (sub=0): gcc  -I/usr/local/opt/openssl/include -gstrict-dwarf -O2 -fPIC -Wall -Werror _mkltmpO9v6nX.c -o _mkltmpO9v6nX.c.o  -L/usr/local/opt/openssl/lib -L/Users/user/Desktop/Cloud-project-master-3/CallCenterInputSystem/node_modules/node-rdkafka/build/deps -shared -Wl,-M_mkltmpQYgOIT
DBG 2877: compile check for ldsflagm () failed: gcc  -I/usr/local/opt/openssl/include -gstrict-dwarf -O2 -fPIC -Wall -Werror _mkltmpO9v6nX.c -o _mkltmpO9v6nX.c.o  -L/usr/local/opt/openssl/lib -L/Users/user/Desktop/Cloud-project-master-3/CallCenterInputSystem/node_modules/node-rdkafka/build/deps -shared -Wl,-M_mkltmpQYgOIT: ld: unknown option: -M_mkltmpQYgOIT
clang: error: linker command failed with exit code 1 (use -v to see invocation)
DBG 2877: Setting ldsflagm (ldsflagm) status to failed (action ignore)
DBG 2877: Check ldsflagm (, action ignore (originally ignore)) failed: compile check failed:
CC: CC
flags: -shared -Wl,-M_mkltmpQYgOIT
gcc  -I/usr/local/opt/openssl/include -gstrict-dwarf -O2 -fPIC -Wall -Werror _mkltmpO9v6nX.c -o _mkltmpO9v6nX.c.o  -L/usr/local/opt/openssl/lib -L/Users/user/Desktop/Cloud-project-master-3/CallCenterInputSystem/node_modules/node-rdkafka/build/deps -shared -Wl,-M_mkltmpQYgOIT:
ld: unknown option: -M_mkltmpQYgOIT
clang: error: linker command failed with exit code 1 (use -v to see invocation)
source: 
DBG 2877: Compile check __atomic_32 (HAVE_ATOMICS_32) (sub=0): gcc  -I/usr/local/opt/openssl/include -gstrict-dwarf -O2 -fPIC -Wall -Werror _mkltmpYVqzS3.c -o _mkltmpYVqzS3.c.o  -L/usr/local/opt/openssl/lib -L/Users/user/Desktop/Cloud-project-master-3/CallCenterInputSystem/node_modules/node-rdkafka/build/deps 
DBG 2877: Setting __atomic_32 (__atomic_32) status to ok (action cont)
DBG 2877: Compile check __atomic_64 (HAVE_ATOMICS_64) (sub=0): gcc  -I/usr/local/opt/openssl/include -gstrict-dwarf -O2 -fPIC -Wall -Werror _mkltmp4Df3jz.c -o _mkltmp4Df3jz.c.o  -L/usr/local/opt/openssl/lib -L/Users/user/Desktop/Cloud-project-master-3/CallCenterInputSystem/node_modules/node-rdkafka/build/deps 
DBG 2877: Setting __atomic_64 (__atomic_64) status to ok (action cont)
DBG 2877: Compile check socket () (sub=0): gcc  -I/usr/local/opt/openssl/include -gstrict-dwarf -O2 -fPIC -Wall -Wsign-compare -Wfloat-equal -Wpointer-arith -Wcast-align -Wall -Werror _mkltmpXBBSMq.c -o _mkltmpXBBSMq.c.o  -L/usr/local/opt/openssl/lib -L/Users/user/Desktop/Cloud-project-master-3/CallCenterInputSystem/node_modules/node-rdkafka/build/deps 
DBG 2877: Setting socket (socket) status to ok (action cont)
DBG 2877: Setting parseversion (parseversion) status to ok (action cont)
DBG 2877: librt: Check for static library (libs -lrt, arfile variable STATIC_LIB_librt=, static filenames )
DBG 2877: Compile check librt () (sub=0): gcc  -I/usr/local/opt/openssl/include -gstrict-dwarf -O2 -fPIC -Wall -Wsign-compare -Wfloat-equal -Wpointer-arith -Wcast-align -Wall -Werror _mkltmp3shXRc.c -o _mkltmp3shXRc.c.o  -L/usr/local/opt/openssl/lib -L/Users/user/Desktop/Cloud-project-master-3/CallCenterInputSystem/node_modules/node-rdkafka/build/deps -lrt
DBG 2877: compile check for librt () failed: gcc  -I/usr/local/opt/openssl/include -gstrict-dwarf -O2 -fPIC -Wall -Wsign-compare -Wfloat-equal -Wpointer-arith -Wcast-align -Wall -Werror _mkltmp3shXRc.c -o _mkltmp3shXRc.c.o  -L/usr/local/opt/openssl/lib -L/Users/user/Desktop/Cloud-project-master-3/CallCenterInputSystem/node_modules/node-rdkafka/build/deps -lrt: ld: library not found for -lrt
clang: error: linker command failed with exit code 1 (use -v to see invocation)
DBG 2877: Setting librt (librt) status to failed (action cont)
DBG 2877: Check librt (, action cont (originally cont)) failed: compile check failed:
CC: CC
flags: -lrt
gcc  -I/usr/local/opt/openssl/include -gstrict-dwarf -O2 -fPIC -Wall -Wsign-compare -Wfloat-equal -Wpointer-arith -Wcast-align -Wall -Werror _mkltmp3shXRc.c -o _mkltmp3shXRc.c.o  -L/usr/local/opt/openssl/lib -L/Users/user/Desktop/Cloud-project-master-3/CallCenterInputSystem/node_modules/node-rdkafka/build/deps -lrt:
ld: library not found for -lrt
clang: error: linker command failed with exit code 1 (use -v to see invocation)
source: 
DBG 2877: libpthread: Check for static library (libs -lpthread, arfile variable STATIC_LIB_libpthread=, static filenames )
DBG 2877: Compile check libpthread () (sub=0): gcc  -I/usr/local/opt/openssl/include -gstrict-dwarf -O2 -fPIC -Wall -Wsign-compare -Wfloat-equal -Wpointer-arith -Wcast-align -Wall -Werror _mkltmpzed4Gw.c -o _mkltmpzed4Gw.c.o  -L/usr/local/opt/openssl/lib -L/Users/user/Desktop/Cloud-project-master-3/CallCenterInputSystem/node_modules/node-rdkafka/build/deps -lpthread
DBG 2877: Setting libpthread (libpthread) status to ok (action fail)
DBG 2877: libpthread: from lib_check: LIBS: prepend -lpthread
DBG 2877: c11threads: Check for static library (libs -lpthread, arfile variable STATIC_LIB_c11threads=, static filenames )
DBG 2877: Compile check c11threads (WITH_C11THREADS) (sub=0): gcc  -I/usr/local/opt/openssl/include -gstrict-dwarf -O2 -fPIC -Wall -Wsign-compare -Wfloat-equal -Wpointer-arith -Wcast-align -Wall -Werror _mkltmpZvD1Y9.c -o _mkltmpZvD1Y9.c.o  -L/usr/local/opt/openssl/lib -L/Users/user/Desktop/Cloud-project-master-3/CallCenterInputSystem/node_modules/node-rdkafka/build/deps -lpthread
DBG 2877: compile check for c11threads (WITH_C11THREADS) failed: gcc  -I/usr/local/opt/openssl/include -gstrict-dwarf -O2 -fPIC -Wall -Wsign-compare -Wfloat-equal -Wpointer-arith -Wcast-align -Wall -Werror _mkltmpZvD1Y9.c -o _mkltmpZvD1Y9.c.o  -L/usr/local/opt/openssl/lib -L/Users/user/Desktop/Cloud-project-master-3/CallCenterInputSystem/node_modules/node-rdkafka/build/deps -lpthread: _mkltmpZvD1Y9.c:2:10: fatal error: 'threads.h' file not found
#include <threads.h>
         ^~~~~~~~~~~
1 error generated.
DBG 2877: Setting c11threads (c11threads) status to failed (action disable)
DBG 2877: Check c11threads (WITH_C11THREADS, action disable (originally disable)) failed: compile check failed:
CC: CC
flags: -lpthread
gcc  -I/usr/local/opt/openssl/include -gstrict-dwarf -O2 -fPIC -Wall -Wsign-compare -Wfloat-equal -Wpointer-arith -Wcast-align -Wall -Werror _mkltmpZvD1Y9.c -o _mkltmpZvD1Y9.c.o  -L/usr/local/opt/openssl/lib -L/Users/user/Desktop/Cloud-project-master-3/CallCenterInputSystem/node_modules/node-rdkafka/build/deps -lpthread:
_mkltmpZvD1Y9.c:2:10: fatal error: 'threads.h' file not found
#include <threads.h>
         ^~~~~~~~~~~
1 error generated.
source: 
#include <threads.h>


static int start_func (void *arg) {
   int iarg = *(int *)arg;
   return iarg;
}

void foo (void) {
    thrd_t thr;
    int arg = 1;
    if (thrd_create(&thr, start_func, (void *)&arg) != thrd_success) {
      ;
    }
}

DBG 2877: libdl: Check for static library (libs -ldl, arfile variable STATIC_LIB_libdl=, static filenames )
DBG 2877: Compile check libdl (WITH_LIBDL) (sub=0): gcc  -I/usr/local/opt/openssl/include -gstrict-dwarf -O2 -fPIC -Wall -Wsign-compare -Wfloat-equal -Wpointer-arith -Wcast-align -Wall -Werror _mkltmp3Jcn21.c -o _mkltmp3Jcn21.c.o  -L/usr/local/opt/openssl/lib -L/Users/user/Desktop/Cloud-project-master-3/CallCenterInputSystem/node_modules/node-rdkafka/build/deps -ldl
DBG 2877: Setting libdl (libdl) status to ok (action disable)
DBG 2877: libdl: from lib_check: LIBS: prepend -ldl
DBG 2877: zlib: Check for static library (libs -lz, arfile variable STATIC_LIB_zlib=, static filenames libz.a)
DBG 2877: Compile check zlib (WITH_ZLIB) (sub=0): gcc  -I/usr/local/opt/openssl/include -gstrict-dwarf -O2 -fPIC -Wall -Wsign-compare -Wfloat-equal -Wpointer-arith -Wcast-align -Wall -Werror _mkltmpttJMod.c -o _mkltmpttJMod.c.o  -L/usr/local/opt/openssl/lib -L/Users/user/Desktop/Cloud-project-master-3/CallCenterInputSystem/node_modules/node-rdkafka/build/deps -lz
DBG 2877: Setting zlib (zlib) status to ok (action disable)
DBG 2877: zlib: from lib_check: LIBS: prepend -lz
DBG 2877: libcrypto: Check for static library (libs -lcrypto, arfile variable STATIC_LIB_libcrypto=, static filenames libcrypto.a)
DBG 2877: Compile check libcrypto () (sub=0): gcc  -I/usr/local/opt/openssl/include -gstrict-dwarf -O2 -fPIC -Wall -Wsign-compare -Wfloat-equal -Wpointer-arith -Wcast-align -Wall -Werror _mkltmpuvgL4y.c -o _mkltmpuvgL4y.c.o  -L/usr/local/opt/openssl/lib -L/Users/user/Desktop/Cloud-project-master-3/CallCenterInputSystem/node_modules/node-rdkafka/build/deps -lcrypto
DBG 2877: Setting libcrypto (libcrypto) status to ok (action disable)
DBG 2877: libcrypto: from lib_check: LIBS: prepend -lcrypto
DBG 2877: libssl: Check for static library (libs -lssl -lcrypto, arfile variable STATIC_LIB_libssl=, static filenames libssl.a)
DBG 2877: Compile check libssl (WITH_SSL) (sub=0): gcc  -I/usr/local/opt/openssl/include -gstrict-dwarf -O2 -fPIC -Wall -Wsign-compare -Wfloat-equal -Wpointer-arith -Wcast-align -Wall -Werror _mkltmpccYBx3.c -o _mkltmpccYBx3.c.o  -L/usr/local/opt/openssl/lib -L/Users/user/Desktop/Cloud-project-master-3/CallCenterInputSystem/node_modules/node-rdkafka/build/deps -lssl -lcrypto
DBG 2877: Setting libssl (libssl) status to ok (action disable)
DBG 2877: libssl: from lib_check: LIBS: prepend -lssl -lcrypto
DBG 2877: libsasl2: Check for static library (libs -lsasl2, arfile variable STATIC_LIB_libsasl2=, static filenames )
DBG 2877: Compile check libsasl2 (WITH_SASL_CYRUS) (sub=0): gcc  -I/usr/local/opt/openssl/include -gstrict-dwarf -O2 -fPIC -Wall -Wsign-compare -Wfloat-equal -Wpointer-arith -Wcast-align -Wall -Werror _mkltmps8Oqpe.c -o _mkltmps8Oqpe.c.o  -L/usr/local/opt/openssl/lib -L/Users/user/Desktop/Cloud-project-master-3/CallCenterInputSystem/node_modules/node-rdkafka/build/deps -lsasl2
DBG 2877: Setting libsasl2 (libsasl2) status to ok (action disable)
DBG 2877: libsasl2: from lib_check: LIBS: prepend -lsasl2
DBG 2877: libzstd: Check for static library (libs -lzstd, arfile variable STATIC_LIB_libzstd=, static filenames libzstd.a)
DBG 2877: Compile check libzstd (WITH_ZSTD) (sub=0): gcc  -I/usr/local/opt/openssl/include -gstrict-dwarf -O2 -fPIC -Wall -Wsign-compare -Wfloat-equal -Wpointer-arith -Wcast-align -Wall -Werror _mkltmp1vAM7N.c -o _mkltmp1vAM7N.c.o  -L/usr/local/opt/openssl/lib -L/Users/user/Desktop/Cloud-project-master-3/CallCenterInputSystem/node_modules/node-rdkafka/build/deps -lzstd
DBG 2877: compile check for libzstd (WITH_ZSTD) failed: gcc  -I/usr/local/opt/openssl/include -gstrict-dwarf -O2 -fPIC -Wall -Wsign-compare -Wfloat-equal -Wpointer-arith -Wcast-align -Wall -Werror _mkltmp1vAM7N.c -o _mkltmp1vAM7N.c.o  -L/usr/local/opt/openssl/lib -L/Users/user/Desktop/Cloud-project-master-3/CallCenterInputSystem/node_modules/node-rdkafka/build/deps -lzstd: _mkltmp1vAM7N.c:2:10: fatal error: 'zstd.h' file not found
#include <zstd.h>
         ^~~~~~~~
1 error generated.
DBG 2877: Setting libzstd (libzstd) status to failed (action disable)
DBG 2877: Check libzstd (WITH_ZSTD, action disable (originally disable)) failed: compile check failed:
CC: CC
flags: -lzstd
gcc  -I/usr/local/opt/openssl/include -gstrict-dwarf -O2 -fPIC -Wall -Wsign-compare -Wfloat-equal -Wpointer-arith -Wcast-align -Wall -Werror _mkltmp1vAM7N.c -o _mkltmp1vAM7N.c.o  -L/usr/local/opt/openssl/lib -L/Users/user/Desktop/Cloud-project-master-3/CallCenterInputSystem/node_modules/node-rdkafka/build/deps -lzstd:
_mkltmp1vAM7N.c:2:10: fatal error: 'zstd.h' file not found
#include <zstd.h>
         ^~~~~~~~
1 error generated.
source: 
#include <zstd.h>
#include <zstd_errors.h>

void foo (void) {
     ZSTD_getFrameContentSize(NULL, 0);
}

DBG 2877: libm: Check for static library (libs -lm, arfile variable STATIC_LIB_libm=, static filenames )
DBG 2877: Compile check libm () (sub=0): gcc  -I/usr/local/opt/openssl/include -gstrict-dwarf -O2 -fPIC -Wall -Wsign-compare -Wfloat-equal -Wpointer-arith -Wcast-align -Wall -Werror _mkltmptucRAW.c -o _mkltmptucRAW.c.o  -L/usr/local/opt/openssl/lib -L/Users/user/Desktop/Cloud-project-master-3/CallCenterInputSystem/node_modules/node-rdkafka/build/deps -lm
DBG 2877: Setting libm (libm) status to ok (action disable)
DBG 2877: libm: from lib_check: LIBS: prepend -lm
DBG 2877: liblz4: Check for static library (libs -llz4, arfile variable STATIC_LIB_liblz4=, static filenames liblz4.a)
DBG 2877: Compile check liblz4 (WITH_LZ4_EXT) (sub=0): gcc  -I/usr/local/opt/openssl/include -gstrict-dwarf -O2 -fPIC -Wall -Wsign-compare -Wfloat-equal -Wpointer-arith -Wcast-align -Wall -Werror _mkltmpSZcieF.c -o _mkltmpSZcieF.c.o  -L/usr/local/opt/openssl/lib -L/Users/user/Desktop/Cloud-project-master-3/CallCenterInputSystem/node_modules/node-rdkafka/build/deps -llz4
DBG 2877: compile check for liblz4 (WITH_LZ4_EXT) failed: gcc  -I/usr/local/opt/openssl/include -gstrict-dwarf -O2 -fPIC -Wall -Wsign-compare -Wfloat-equal -Wpointer-arith -Wcast-align -Wall -Werror _mkltmpSZcieF.c -o _mkltmpSZcieF.c.o  -L/usr/local/opt/openssl/lib -L/Users/user/Desktop/Cloud-project-master-3/CallCenterInputSystem/node_modules/node-rdkafka/build/deps -llz4: _mkltmpSZcieF.c:1:10: fatal error: 'lz4frame.h' file not found
#include <lz4frame.h>
         ^~~~~~~~~~~~
1 error generated.
DBG 2877: Setting liblz4 (liblz4) status to failed (action disable)
DBG 2877: Check liblz4 (WITH_LZ4_EXT, action disable (originally disable)) failed: compile check failed:
CC: CC
flags: -llz4
gcc  -I/usr/local/opt/openssl/include -gstrict-dwarf -O2 -fPIC -Wall -Wsign-compare -Wfloat-equal -Wpointer-arith -Wcast-align -Wall -Werror _mkltmpSZcieF.c -o _mkltmpSZcieF.c.o  -L/usr/local/opt/openssl/lib -L/Users/user/Desktop/Cloud-project-master-3/CallCenterInputSystem/node_modules/node-rdkafka/build/deps -llz4:
_mkltmpSZcieF.c:1:10: fatal error: 'lz4frame.h' file not found
#include <lz4frame.h>
         ^~~~~~~~~~~~
1 error generated.
source: #include <lz4frame.h>
DBG 2877: Compile check syslog (WITH_SYSLOG) (sub=0): gcc  -I/usr/local/opt/openssl/include -gstrict-dwarf -O2 -fPIC -Wall -Wsign-compare -Wfloat-equal -Wpointer-arith -Wcast-align -Wall -Werror _mkltmpLpmRgL.c -o _mkltmpLpmRgL.c.o  -L/usr/local/opt/openssl/lib -L/Users/user/Desktop/Cloud-project-master-3/CallCenterInputSystem/node_modules/node-rdkafka/build/deps 
DBG 2877: Setting syslog (syslog) status to ok (action disable)
DBG 2877: Compile check rapidjson (WITH_RAPIDJSON) (sub=0): g++  -I/usr/local/opt/openssl/include -gstrict-dwarf -O2 -fPIC -Wall -Wsign-compare -Wfloat-equal -Wpointer-arith -Wcast-align -Wall -Werror _mkltmp0SHTFt.cpp -o _mkltmp0SHTFt.cpp.o  -L/usr/local/opt/openssl/lib -L/Users/user/Desktop/Cloud-project-master-3/CallCenterInputSystem/node_modules/node-rdkafka/build/deps 
DBG 2877: compile check for rapidjson (WITH_RAPIDJSON) failed: g++  -I/usr/local/opt/openssl/include -gstrict-dwarf -O2 -fPIC -Wall -Wsign-compare -Wfloat-equal -Wpointer-arith -Wcast-align -Wall -Werror _mkltmp0SHTFt.cpp -o _mkltmp0SHTFt.cpp.o  -L/usr/local/opt/openssl/lib -L/Users/user/Desktop/Cloud-project-master-3/CallCenterInputSystem/node_modules/node-rdkafka/build/deps : _mkltmp0SHTFt.cpp:1:10: fatal error: 'rapidjson/schema.h' file not found
#include <rapidjson/schema.h>
         ^~~~~~~~~~~~~~~~~~~~
1 error generated.
DBG 2877: Setting rapidjson (rapidjson) status to failed (action disable)
DBG 2877: Check rapidjson (WITH_RAPIDJSON, action disable (originally disable)) failed: compile check failed:
CC: CXX
flags: 
g++  -I/usr/local/opt/openssl/include -gstrict-dwarf -O2 -fPIC -Wall -Wsign-compare -Wfloat-equal -Wpointer-arith -Wcast-align -Wall -Werror _mkltmp0SHTFt.cpp -o _mkltmp0SHTFt.cpp.o  -L/usr/local/opt/openssl/lib -L/Users/user/Desktop/Cloud-project-master-3/CallCenterInputSystem/node_modules/node-rdkafka/build/deps :
_mkltmp0SHTFt.cpp:1:10: fatal error: 'rapidjson/schema.h' file not found
#include <rapidjson/schema.h>
         ^~~~~~~~~~~~~~~~~~~~
1 error generated.
source: #include <rapidjson/schema.h>
DBG 2877: Compile check crc32chw (WITH_CRC32C_HW) (sub=0): gcc  -I/usr/local/opt/openssl/include -gstrict-dwarf -O2 -fPIC -Wall -Wsign-compare -Wfloat-equal -Wpointer-arith -Wcast-align -Wall -Werror _mkltmpube65S.c -o _mkltmpube65S.c.o  -L/usr/local/opt/openssl/lib -L/Users/user/Desktop/Cloud-project-master-3/CallCenterInputSystem/node_modules/node-rdkafka/build/deps 
DBG 2877: Setting crc32chw (crc32chw) status to ok (action disable)
DBG 2877: Compile check regex (HAVE_REGEX) (sub=0): gcc  -I/usr/local/opt/openssl/include -gstrict-dwarf -O2 -fPIC -Wall -Wsign-compare -Wfloat-equal -Wpointer-arith -Wcast-align -Wall -Werror _mkltmpsnZvj2.c -o _mkltmpsnZvj2.c.o  -L/usr/local/opt/openssl/lib -L/Users/user/Desktop/Cloud-project-master-3/CallCenterInputSystem/node_modules/node-rdkafka/build/deps 
DBG 2877: Setting regex (regex) status to ok (action disable)
DBG 2877: Compile check rand_r (HAVE_RAND_R) (sub=0): gcc  -I/usr/local/opt/openssl/include -gstrict-dwarf -O2 -fPIC -Wall -Wsign-compare -Wfloat-equal -Wpointer-arith -Wcast-align -Wall -Werror _mkltmp3GSUrF.c -o _mkltmp3GSUrF.c.o  -L/usr/local/opt/openssl/lib -L/Users/user/Desktop/Cloud-project-master-3/CallCenterInputSystem/node_modules/node-rdkafka/build/deps 
DBG 2877: Setting rand_r (rand_r) status to ok (action disable)
DBG 2877: Compile check strndup (HAVE_STRNDUP) (sub=0): gcc  -I/usr/local/opt/openssl/include -gstrict-dwarf -O2 -fPIC -Wall -Wsign-compare -Wfloat-equal -Wpointer-arith -Wcast-align -Wall -Werror _mkltmpxSDjiB.c -o _mkltmpxSDjiB.c.o  -L/usr/local/opt/openssl/lib -L/Users/user/Desktop/Cloud-project-master-3/CallCenterInputSystem/node_modules/node-rdkafka/build/deps 
DBG 2877: Setting strndup (strndup) status to ok (action disable)
DBG 2877: Compile check strlcpy (HAVE_STRLCPY) (sub=0): gcc  -I/usr/local/opt/openssl/include -gstrict-dwarf -O2 -fPIC -Wall -Wsign-compare -Wfloat-equal -Wpointer-arith -Wcast-align -Wall -Werror _mkltmpxyvGvx.c -o _mkltmpxyvGvx.c.o  -L/usr/local/opt/openssl/lib -L/Users/user/Desktop/Cloud-project-master-3/CallCenterInputSystem/node_modules/node-rdkafka/build/deps 
DBG 2877: Setting strlcpy (strlcpy) status to ok (action disable)
DBG 2877: Compile check strerror_r (HAVE_STRERROR_R) (sub=0): gcc  -I/usr/local/opt/openssl/include -gstrict-dwarf -O2 -fPIC -Wall -Wsign-compare -Wfloat-equal -Wpointer-arith -Wcast-align -Wall -Werror _mkltmpIWZDRL.c -o _mkltmpIWZDRL.c.o  -L/usr/local/opt/openssl/lib -L/Users/user/Desktop/Cloud-project-master-3/CallCenterInputSystem/node_modules/node-rdkafka/build/deps 
DBG 2877: Setting strerror_r (strerror_r) status to ok (action disable)
DBG 2877: Compile check strcasestr (HAVE_STRCASESTR) (sub=0): gcc  -I/usr/local/opt/openssl/include -gstrict-dwarf -O2 -fPIC -Wall -Wsign-compare -Wfloat-equal -Wpointer-arith -Wcast-align -Wall -Werror _mkltmpJdThgM.c -o _mkltmpJdThgM.c.o  -L/usr/local/opt/openssl/lib -L/Users/user/Desktop/Cloud-project-master-3/CallCenterInputSystem/node_modules/node-rdkafka/build/deps 
DBG 2877: Setting strcasestr (strcasestr) status to ok (action disable)
DBG 2877: Compile check pthread_setname_gnu (HAVE_PTHREAD_SETNAME_GNU) (sub=0): gcc  -I/usr/local/opt/openssl/include -gstrict-dwarf -O2 -fPIC -Wall -Wsign-compare -Wfloat-equal -Wpointer-arith -Wcast-align -Wall -Werror _mkltmpqrArVZ.c -o _mkltmpqrArVZ.c.o  -L/usr/local/opt/openssl/lib -L/Users/user/Desktop/Cloud-project-master-3/CallCenterInputSystem/node_modules/node-rdkafka/build/deps -D_GNU_SOURCE -lpthread
DBG 2877: compile check for pthread_setname_gnu (HAVE_PTHREAD_SETNAME_GNU) failed: gcc  -I/usr/local/opt/openssl/include -gstrict-dwarf -O2 -fPIC -Wall -Wsign-compare -Wfloat-equal -Wpointer-arith -Wcast-align -Wall -Werror _mkltmpqrArVZ.c -o _mkltmpqrArVZ.c.o  -L/usr/local/opt/openssl/lib -L/Users/user/Desktop/Cloud-project-master-3/CallCenterInputSystem/node_modules/node-rdkafka/build/deps -D_GNU_SOURCE -lpthread: _mkltmpqrArVZ.c:5:38: error: too many arguments to function call, expected 1, have 2
  pthread_setname_np(pthread_self(), "abc");
  ~~~~~~~~~~~~~~~~~~                 ^~~~~
/Library/Developer/CommandLineTools/SDKs/MacOSX10.15.sdk/usr/include/pthread.h:512:1: note: 'pthread_setname_np' declared here
__API_AVAILABLE(macos(10.6), ios(3.2))
^
/Library/Developer/CommandLineTools/SDKs/MacOSX10.15.sdk/usr/include/Availability.h:504:162: note: expanded from macro '__API_AVAILABLE'
    #define __API_AVAILABLE(...) __API_AVAILABLE_GET_MACRO(__VA_ARGS__,__API_AVAILABLE7, __API_AVAILABLE6, __API_AVAILABLE5, __API_AVAILABLE4, __API_AVAILABLE3, __API_AVAILABLE2, __API_AVAILABLE1, 0)(__VA_ARGS__)
                                                                                                                                                                 ^
1 error generated.
DBG 2877: Setting pthread_setname_gnu (pthread_setname_gnu) status to failed (action disable)
DBG 2877: Check pthread_setname_gnu (HAVE_PTHREAD_SETNAME_GNU, action disable (originally disable)) failed: compile check failed:
CC: CC
flags: -D_GNU_SOURCE -lpthread
gcc  -I/usr/local/opt/openssl/include -gstrict-dwarf -O2 -fPIC -Wall -Wsign-compare -Wfloat-equal -Wpointer-arith -Wcast-align -Wall -Werror _mkltmpqrArVZ.c -o _mkltmpqrArVZ.c.o  -L/usr/local/opt/openssl/lib -L/Users/user/Desktop/Cloud-project-master-3/CallCenterInputSystem/node_modules/node-rdkafka/build/deps -D_GNU_SOURCE -lpthread:
_mkltmpqrArVZ.c:5:38: error: too many arguments to function call, expected 1, have 2
  pthread_setname_np(pthread_self(), "abc");
  ~~~~~~~~~~~~~~~~~~                 ^~~~~
/Library/Developer/CommandLineTools/SDKs/MacOSX10.15.sdk/usr/include/pthread.h:512:1: note: 'pthread_setname_np' declared here
__API_AVAILABLE(macos(10.6), ios(3.2))
^
/Library/Developer/CommandLineTools/SDKs/MacOSX10.15.sdk/usr/include/Availability.h:504:162: note: expanded from macro '__API_AVAILABLE'
    #define __API_AVAILABLE(...) __API_AVAILABLE_GET_MACRO(__VA_ARGS__,__API_AVAILABLE7, __API_AVAILABLE6, __API_AVAILABLE5, __API_AVAILABLE4, __API_AVAILABLE3, __API_AVAILABLE2, __API_AVAILABLE1, 0)(__VA_ARGS__)
                                                                                                                                                                 ^
1 error generated.
source: 
#include <pthread.h>

void foo (void) {
  pthread_setname_np(pthread_self(), "abc");
}

DBG 2877: Compile check pthread_setname_darwin (HAVE_PTHREAD_SETNAME_DARWIN) (sub=0): gcc  -I/usr/local/opt/openssl/include -gstrict-dwarf -O2 -fPIC -Wall -Wsign-compare -Wfloat-equal -Wpointer-arith -Wcast-align -Wall -Werror _mkltmpRbZByf.c -o _mkltmpRbZByf.c.o  -L/usr/local/opt/openssl/lib -L/Users/user/Desktop/Cloud-project-master-3/CallCenterInputSystem/node_modules/node-rdkafka/build/deps -D_DARWIN_C_SOURCE -lpthread
DBG 2877: Setting pthread_setname_darwin (pthread_setname_darwin) status to ok (action disable)
DBG 2877: Setting nm (nm) status to ok (action cont)
DBG 2877: Compile check getrusage (HAVE_GETRUSAGE) (sub=0): gcc  -I/usr/local/opt/openssl/include -gstrict-dwarf -O2 -fPIC -Wall -Wsign-compare -Wfloat-equal -Wpointer-arith -Wcast-align -Wall -Werror _mkltmptfBhRk.c -o _mkltmptfBhRk.c.o  -L/usr/local/opt/openssl/lib -L/Users/user/Desktop/Cloud-project-master-3/CallCenterInputSystem/node_modules/node-rdkafka/build/deps 
DBG 2877: Setting getrusage (getrusage) status to ok (action disable)
