# configure exec: ./configure --prefix=/Users/user/Desktop/Cloud-project-master-3/RedisSystem/node_modules/node-rdkafka/build/deps --libdir=/Users/user/Desktop/Cloud-project-master-3/RedisSystem/node_modules/node-rdkafka/build/deps --prefix=/Users/user/Desktop/Cloud-project-master-3/RedisSystem/node_modules/node-rdkafka/build/deps --libdir=/Users/user/Desktop/Cloud-project-master-3/RedisSystem/node_modules/node-rdkafka/build/deps
# On Mon Apr  4 20:01:22 EEST 2022
DBG 36206: Setting distro (distro) status to ok (action ignore)
DBG 36206: ccenv: WITH_CC:  --version failed: mklove/modules/configure.base: line 1761: --version: command not found
DBG 36206: Setting ccenv (ccenv) status to failed (action cont)
DBG 36206: Check ccenv (WITH_CC, action cont (originally cont)) failed: command ' --version' failed:
mklove/modules/configure.base: line 1761: --version: command not found
DBG 36206: Setting gcc (gcc) status to ok (action cont)
DBG 36206: cxxenv: WITH_CXX:  --version failed: mklove/modules/configure.base: line 1761: --version: command not found
DBG 36206: Setting cxxenv (cxxenv) status to failed (action cont)
DBG 36206: Check cxxenv (WITH_CXX, action cont (originally cont)) failed: command ' --version' failed:
mklove/modules/configure.base: line 1761: --version: command not found
DBG 36206: Setting gxx (gxx) status to ok (action cont)
DBG 36206: Setting ld (ld) status to ok (action disable)
DBG 36206: Setting nm (nm) status to ok (action disable)
DBG 36206: Setting objdump (objdump) status to ok (action disable)
DBG 36206: Setting strip (strip) status to ok (action disable)
DBG 36206: Setting libtool (libtool) status to ok (action disable)
DBG 36206: Setting ranlib (ranlib) status to ok (action disable)
DBG 36206: Compile check cc_g_dwarf () (sub=0): gcc   -Wall -Werror _mkltmpduXP2s.c -o _mkltmpduXP2s.c.o  -L/Users/user/Desktop/Cloud-project-master-3/RedisSystem/node_modules/node-rdkafka/build/deps -gstrict-dwarf
DBG 36206: Setting cc_g_dwarf (cc_g_dwarf) status to ok (action cont)
DBG 36206: pkgconfig: WITH_PKGCONFIG: pkg-config --version failed: mklove/modules/configure.base: line 1761: pkg-config: command not found
DBG 36206: Setting pkgconfig (pkgconfig) status to failed (action cont)
DBG 36206: Check pkgconfig (WITH_PKGCONFIG, action cont (originally cont)) failed: command 'pkg-config --version' failed:
mklove/modules/configure.base: line 1761: pkg-config: command not found
DBG 36206: install: WITH_INSTALL: install --version failed: install: illegal option -- -
usage: install [-bCcpSsv] [-B suffix] [-f flags] [-g group] [-m mode]
               [-o owner] file1 file2
       install [-bCcpSsv] [-B suffix] [-f flags] [-g group] [-m mode]
               [-o owner] file1 ... fileN directory
       install -d [-v] [-g group] [-m mode] [-o owner] directory ...
DBG 36206: Setting install (install) status to failed (action cont)
DBG 36206: Check install (WITH_INSTALL, action cont (originally cont)) failed: command 'install --version' failed:
install: illegal option -- -
usage: install [-bCcpSsv] [-B suffix] [-f flags] [-g group] [-m mode]
               [-o owner] file1 file2
       install [-bCcpSsv] [-B suffix] [-f flags] [-g group] [-m mode]
               [-o owner] file1 ... fileN directory
       install -d [-v] [-g group] [-m mode] [-o owner] directory ...
DBG 36206: Compile check PIC (HAVE_PIC) (sub=0): gcc  -gstrict-dwarf -O2 -Wall -Werror _mkltmpwdOHn7.c -o _mkltmpwdOHn7.c.o  -L/Users/user/Desktop/Cloud-project-master-3/RedisSystem/node_modules/node-rdkafka/build/deps -fPIC
DBG 36206: Setting PIC (PIC) status to ok (action disable)
DBG 36206: Compile check gnulib (WITH_GNULD) (sub=0): gcc  -gstrict-dwarf -O2 -fPIC -Wall -Werror _mkltmpepVvQ1.c -o _mkltmpepVvQ1.c.o  -L/Users/user/Desktop/Cloud-project-master-3/RedisSystem/node_modules/node-rdkafka/build/deps -shared -Wl,-soname,mkltest.0
DBG 36206: compile check for gnulib (WITH_GNULD) failed: gcc  -gstrict-dwarf -O2 -fPIC -Wall -Werror _mkltmpepVvQ1.c -o _mkltmpepVvQ1.c.o  -L/Users/user/Desktop/Cloud-project-master-3/RedisSystem/node_modules/node-rdkafka/build/deps -shared -Wl,-soname,mkltest.0: ld: unknown option: -soname
clang: error: linker command failed with exit code 1 (use -v to see invocation)
DBG 36206: Setting gnulib (gnulib) status to failed (action cont)
DBG 36206: Check gnulib (WITH_GNULD, action cont (originally cont)) failed: compile check failed:
CC: CC
flags: -shared -Wl,-soname,mkltest.0
gcc  -gstrict-dwarf -O2 -fPIC -Wall -Werror _mkltmpepVvQ1.c -o _mkltmpepVvQ1.c.o  -L/Users/user/Desktop/Cloud-project-master-3/RedisSystem/node_modules/node-rdkafka/build/deps -shared -Wl,-soname,mkltest.0:
ld: unknown option: -soname
clang: error: linker command failed with exit code 1 (use -v to see invocation)
source: 
DBG 36206: Compile check osxlib (WITH_OSXLD) (sub=0): gcc  -gstrict-dwarf -O2 -fPIC -Wall -Werror _mkltmp2MmtCo.c -o _mkltmp2MmtCo.c.o  -L/Users/user/Desktop/Cloud-project-master-3/RedisSystem/node_modules/node-rdkafka/build/deps -dynamiclib -Wl,-install_name,/tmp/mkltest.so.0
DBG 36206: Setting osxlib (osxlib) status to ok (action cont)
DBG 36206: Compile check ldsflagvs () (sub=0): gcc  -gstrict-dwarf -O2 -fPIC -Wall -Werror _mkltmp4DmnqU.c -o _mkltmp4DmnqU.c.o  -L/Users/user/Desktop/Cloud-project-master-3/RedisSystem/node_modules/node-rdkafka/build/deps -shared -Wl,--version-script=_mkltmp8Ib4vI
DBG 36206: compile check for ldsflagvs () failed: gcc  -gstrict-dwarf -O2 -fPIC -Wall -Werror _mkltmp4DmnqU.c -o _mkltmp4DmnqU.c.o  -L/Users/user/Desktop/Cloud-project-master-3/RedisSystem/node_modules/node-rdkafka/build/deps -shared -Wl,--version-script=_mkltmp8Ib4vI: ld: unknown option: --version-script=_mkltmp8Ib4vI
clang: error: linker command failed with exit code 1 (use -v to see invocation)
DBG 36206: Setting ldsflagvs (ldsflagvs) status to failed (action cont)
DBG 36206: Check ldsflagvs (, action cont (originally cont)) failed: compile check failed:
CC: CC
flags: -shared -Wl,--version-script=_mkltmp8Ib4vI
gcc  -gstrict-dwarf -O2 -fPIC -Wall -Werror _mkltmp4DmnqU.c -o _mkltmp4DmnqU.c.o  -L/Users/user/Desktop/Cloud-project-master-3/RedisSystem/node_modules/node-rdkafka/build/deps -shared -Wl,--version-script=_mkltmp8Ib4vI:
ld: unknown option: --version-script=_mkltmp8Ib4vI
clang: error: linker command failed with exit code 1 (use -v to see invocation)
source: 
DBG 36206: Compile check ldsflagm () (sub=0): gcc  -gstrict-dwarf -O2 -fPIC -Wall -Werror _mkltmpzh6BMF.c -o _mkltmpzh6BMF.c.o  -L/Users/user/Desktop/Cloud-project-master-3/RedisSystem/node_modules/node-rdkafka/build/deps -shared -Wl,-M_mkltmp8Ib4vI
DBG 36206: compile check for ldsflagm () failed: gcc  -gstrict-dwarf -O2 -fPIC -Wall -Werror _mkltmpzh6BMF.c -o _mkltmpzh6BMF.c.o  -L/Users/user/Desktop/Cloud-project-master-3/RedisSystem/node_modules/node-rdkafka/build/deps -shared -Wl,-M_mkltmp8Ib4vI: ld: unknown option: -M_mkltmp8Ib4vI
clang: error: linker command failed with exit code 1 (use -v to see invocation)
DBG 36206: Setting ldsflagm (ldsflagm) status to failed (action ignore)
DBG 36206: Check ldsflagm (, action ignore (originally ignore)) failed: compile check failed:
CC: CC
flags: -shared -Wl,-M_mkltmp8Ib4vI
gcc  -gstrict-dwarf -O2 -fPIC -Wall -Werror _mkltmpzh6BMF.c -o _mkltmpzh6BMF.c.o  -L/Users/user/Desktop/Cloud-project-master-3/RedisSystem/node_modules/node-rdkafka/build/deps -shared -Wl,-M_mkltmp8Ib4vI:
ld: unknown option: -M_mkltmp8Ib4vI
clang: error: linker command failed with exit code 1 (use -v to see invocation)
source: 
DBG 36206: Compile check __atomic_32 (HAVE_ATOMICS_32) (sub=0): gcc  -gstrict-dwarf -O2 -fPIC -Wall -Werror _mkltmp4hPqRr.c -o _mkltmp4hPqRr.c.o  -L/Users/user/Desktop/Cloud-project-master-3/RedisSystem/node_modules/node-rdkafka/build/deps 
DBG 36206: Setting __atomic_32 (__atomic_32) status to ok (action cont)
DBG 36206: Compile check __atomic_64 (HAVE_ATOMICS_64) (sub=0): gcc  -gstrict-dwarf -O2 -fPIC -Wall -Werror _mkltmpNt0lpF.c -o _mkltmpNt0lpF.c.o  -L/Users/user/Desktop/Cloud-project-master-3/RedisSystem/node_modules/node-rdkafka/build/deps 
DBG 36206: Setting __atomic_64 (__atomic_64) status to ok (action cont)
DBG 36206: Compile check socket () (sub=0): gcc  -gstrict-dwarf -O2 -fPIC -Wall -Wsign-compare -Wfloat-equal -Wpointer-arith -Wcast-align -Wall -Werror _mkltmpQ4pzj8.c -o _mkltmpQ4pzj8.c.o  -L/Users/user/Desktop/Cloud-project-master-3/RedisSystem/node_modules/node-rdkafka/build/deps 
DBG 36206: Setting socket (socket) status to ok (action cont)
DBG 36206: Setting parseversion (parseversion) status to ok (action cont)
DBG 36206: librt: Check for static library (libs -lrt, arfile variable STATIC_LIB_librt=, static filenames )
DBG 36206: Compile check librt () (sub=0): gcc  -gstrict-dwarf -O2 -fPIC -Wall -Wsign-compare -Wfloat-equal -Wpointer-arith -Wcast-align -Wall -Werror _mkltmpcAsH86.c -o _mkltmpcAsH86.c.o  -L/Users/user/Desktop/Cloud-project-master-3/RedisSystem/node_modules/node-rdkafka/build/deps -lrt
DBG 36206: compile check for librt () failed: gcc  -gstrict-dwarf -O2 -fPIC -Wall -Wsign-compare -Wfloat-equal -Wpointer-arith -Wcast-align -Wall -Werror _mkltmpcAsH86.c -o _mkltmpcAsH86.c.o  -L/Users/user/Desktop/Cloud-project-master-3/RedisSystem/node_modules/node-rdkafka/build/deps -lrt: ld: library not found for -lrt
clang: error: linker command failed with exit code 1 (use -v to see invocation)
DBG 36206: Setting librt (librt) status to failed (action cont)
DBG 36206: Check librt (, action cont (originally cont)) failed: compile check failed:
CC: CC
flags: -lrt
gcc  -gstrict-dwarf -O2 -fPIC -Wall -Wsign-compare -Wfloat-equal -Wpointer-arith -Wcast-align -Wall -Werror _mkltmpcAsH86.c -o _mkltmpcAsH86.c.o  -L/Users/user/Desktop/Cloud-project-master-3/RedisSystem/node_modules/node-rdkafka/build/deps -lrt:
ld: library not found for -lrt
clang: error: linker command failed with exit code 1 (use -v to see invocation)
source: 
DBG 36206: libpthread: Check for static library (libs -lpthread, arfile variable STATIC_LIB_libpthread=, static filenames )
DBG 36206: Compile check libpthread () (sub=0): gcc  -gstrict-dwarf -O2 -fPIC -Wall -Wsign-compare -Wfloat-equal -Wpointer-arith -Wcast-align -Wall -Werror _mkltmptaB6yK.c -o _mkltmptaB6yK.c.o  -L/Users/user/Desktop/Cloud-project-master-3/RedisSystem/node_modules/node-rdkafka/build/deps -lpthread
DBG 36206: Setting libpthread (libpthread) status to ok (action fail)
DBG 36206: libpthread: from lib_check: LIBS: prepend -lpthread
DBG 36206: c11threads: Check for static library (libs -lpthread, arfile variable STATIC_LIB_c11threads=, static filenames )
DBG 36206: Compile check c11threads (WITH_C11THREADS) (sub=0): gcc  -gstrict-dwarf -O2 -fPIC -Wall -Wsign-compare -Wfloat-equal -Wpointer-arith -Wcast-align -Wall -Werror _mkltmpnwRu1I.c -o _mkltmpnwRu1I.c.o  -L/Users/user/Desktop/Cloud-project-master-3/RedisSystem/node_modules/node-rdkafka/build/deps -lpthread
DBG 36206: compile check for c11threads (WITH_C11THREADS) failed: gcc  -gstrict-dwarf -O2 -fPIC -Wall -Wsign-compare -Wfloat-equal -Wpointer-arith -Wcast-align -Wall -Werror _mkltmpnwRu1I.c -o _mkltmpnwRu1I.c.o  -L/Users/user/Desktop/Cloud-project-master-3/RedisSystem/node_modules/node-rdkafka/build/deps -lpthread: _mkltmpnwRu1I.c:2:10: fatal error: 'threads.h' file not found
#include <threads.h>
         ^~~~~~~~~~~
1 error generated.
DBG 36206: Setting c11threads (c11threads) status to failed (action disable)
DBG 36206: Check c11threads (WITH_C11THREADS, action disable (originally disable)) failed: compile check failed:
CC: CC
flags: -lpthread
gcc  -gstrict-dwarf -O2 -fPIC -Wall -Wsign-compare -Wfloat-equal -Wpointer-arith -Wcast-align -Wall -Werror _mkltmpnwRu1I.c -o _mkltmpnwRu1I.c.o  -L/Users/user/Desktop/Cloud-project-master-3/RedisSystem/node_modules/node-rdkafka/build/deps -lpthread:
_mkltmpnwRu1I.c:2:10: fatal error: 'threads.h' file not found
#include <threads.h>
         ^~~~~~~~~~~
1 error generated.
source: 
#include <threads.h>


static int start_func (void *arg) {
   int iarg = *(int *)arg;
   return iarg;
}

void foo (void) {
    thrd_t thr;
    int arg = 1;
    if (thrd_create(&thr, start_func, (void *)&arg) != thrd_success) {
      ;
    }
}

DBG 36206: libdl: Check for static library (libs -ldl, arfile variable STATIC_LIB_libdl=, static filenames )
DBG 36206: Compile check libdl (WITH_LIBDL) (sub=0): gcc  -gstrict-dwarf -O2 -fPIC -Wall -Wsign-compare -Wfloat-equal -Wpointer-arith -Wcast-align -Wall -Werror _mkltmpxUmCMn.c -o _mkltmpxUmCMn.c.o  -L/Users/user/Desktop/Cloud-project-master-3/RedisSystem/node_modules/node-rdkafka/build/deps -ldl
DBG 36206: Setting libdl (libdl) status to ok (action disable)
DBG 36206: libdl: from lib_check: LIBS: prepend -ldl
DBG 36206: zlib: Check for static library (libs -lz, arfile variable STATIC_LIB_zlib=, static filenames libz.a)
DBG 36206: Compile check zlib (WITH_ZLIB) (sub=0): gcc  -gstrict-dwarf -O2 -fPIC -Wall -Wsign-compare -Wfloat-equal -Wpointer-arith -Wcast-align -Wall -Werror _mkltmpni03g6.c -o _mkltmpni03g6.c.o  -L/Users/user/Desktop/Cloud-project-master-3/RedisSystem/node_modules/node-rdkafka/build/deps -lz
DBG 36206: Setting zlib (zlib) status to ok (action disable)
DBG 36206: zlib: from lib_check: LIBS: prepend -lz
DBG 36206: libcrypto: Check for static library (libs -lcrypto, arfile variable STATIC_LIB_libcrypto=, static filenames libcrypto.a)
DBG 36206: Compile check libcrypto () (sub=0): gcc  -gstrict-dwarf -O2 -fPIC -Wall -Wsign-compare -Wfloat-equal -Wpointer-arith -Wcast-align -Wall -Werror _mkltmpbkWuRR.c -o _mkltmpbkWuRR.c.o  -L/Users/user/Desktop/Cloud-project-master-3/RedisSystem/node_modules/node-rdkafka/build/deps -lcrypto
DBG 36206: compile check for libcrypto () failed: gcc  -gstrict-dwarf -O2 -fPIC -Wall -Wsign-compare -Wfloat-equal -Wpointer-arith -Wcast-align -Wall -Werror _mkltmpbkWuRR.c -o _mkltmpbkWuRR.c.o  -L/Users/user/Desktop/Cloud-project-master-3/RedisSystem/node_modules/node-rdkafka/build/deps -lcrypto: _mkltmpbkWuRR.c:2:10: fatal error: 'openssl/ssl.h' file not found
#include <openssl/ssl.h>
         ^~~~~~~~~~~~~~~
1 error generated.
DBG 36206: Setting libcrypto (libcrypto) status to failed (action disable)
DBG 36206: Check libcrypto (, action disable (originally disable)) failed: compile check failed:
CC: CC
flags: -lcrypto
gcc  -gstrict-dwarf -O2 -fPIC -Wall -Wsign-compare -Wfloat-equal -Wpointer-arith -Wcast-align -Wall -Werror _mkltmpbkWuRR.c -o _mkltmpbkWuRR.c.o  -L/Users/user/Desktop/Cloud-project-master-3/RedisSystem/node_modules/node-rdkafka/build/deps -lcrypto:
_mkltmpbkWuRR.c:2:10: fatal error: 'openssl/ssl.h' file not found
#include <openssl/ssl.h>
         ^~~~~~~~~~~~~~~
1 error generated.
source: 
#include <openssl/ssl.h>
#include <openssl/evp.h>
#if OPENSSL_VERSION_NUMBER < 0x1000100fL
#error "Requires OpenSSL version >= v1.0.1"
#endif
DBG 36206: libsasl2: Check for static library (libs -lsasl2, arfile variable STATIC_LIB_libsasl2=, static filenames )
DBG 36206: Compile check libsasl2 (WITH_SASL_CYRUS) (sub=0): gcc  -gstrict-dwarf -O2 -fPIC -Wall -Wsign-compare -Wfloat-equal -Wpointer-arith -Wcast-align -Wall -Werror _mkltmpDOlmzF.c -o _mkltmpDOlmzF.c.o  -L/Users/user/Desktop/Cloud-project-master-3/RedisSystem/node_modules/node-rdkafka/build/deps -lsasl2
DBG 36206: Setting libsasl2 (libsasl2) status to ok (action disable)
DBG 36206: libsasl2: from lib_check: LIBS: prepend -lsasl2
DBG 36206: libzstd: Check for static library (libs -lzstd, arfile variable STATIC_LIB_libzstd=, static filenames libzstd.a)
DBG 36206: Compile check libzstd (WITH_ZSTD) (sub=0): gcc  -gstrict-dwarf -O2 -fPIC -Wall -Wsign-compare -Wfloat-equal -Wpointer-arith -Wcast-align -Wall -Werror _mkltmpjK8ZK4.c -o _mkltmpjK8ZK4.c.o  -L/Users/user/Desktop/Cloud-project-master-3/RedisSystem/node_modules/node-rdkafka/build/deps -lzstd
DBG 36206: compile check for libzstd (WITH_ZSTD) failed: gcc  -gstrict-dwarf -O2 -fPIC -Wall -Wsign-compare -Wfloat-equal -Wpointer-arith -Wcast-align -Wall -Werror _mkltmpjK8ZK4.c -o _mkltmpjK8ZK4.c.o  -L/Users/user/Desktop/Cloud-project-master-3/RedisSystem/node_modules/node-rdkafka/build/deps -lzstd: _mkltmpjK8ZK4.c:2:10: fatal error: 'zstd.h' file not found
#include <zstd.h>
         ^~~~~~~~
1 error generated.
DBG 36206: Setting libzstd (libzstd) status to failed (action disable)
DBG 36206: Check libzstd (WITH_ZSTD, action disable (originally disable)) failed: compile check failed:
CC: CC
flags: -lzstd
gcc  -gstrict-dwarf -O2 -fPIC -Wall -Wsign-compare -Wfloat-equal -Wpointer-arith -Wcast-align -Wall -Werror _mkltmpjK8ZK4.c -o _mkltmpjK8ZK4.c.o  -L/Users/user/Desktop/Cloud-project-master-3/RedisSystem/node_modules/node-rdkafka/build/deps -lzstd:
_mkltmpjK8ZK4.c:2:10: fatal error: 'zstd.h' file not found
#include <zstd.h>
         ^~~~~~~~
1 error generated.
source: 
#include <zstd.h>
#include <zstd_errors.h>

void foo (void) {
     ZSTD_getFrameContentSize(NULL, 0);
}

DBG 36206: libm: Check for static library (libs -lm, arfile variable STATIC_LIB_libm=, static filenames )
DBG 36206: Compile check libm () (sub=0): gcc  -gstrict-dwarf -O2 -fPIC -Wall -Wsign-compare -Wfloat-equal -Wpointer-arith -Wcast-align -Wall -Werror _mkltmpri0NMj.c -o _mkltmpri0NMj.c.o  -L/Users/user/Desktop/Cloud-project-master-3/RedisSystem/node_modules/node-rdkafka/build/deps -lm
DBG 36206: Setting libm (libm) status to ok (action disable)
DBG 36206: libm: from lib_check: LIBS: prepend -lm
DBG 36206: liblz4: Check for static library (libs -llz4, arfile variable STATIC_LIB_liblz4=, static filenames liblz4.a)
DBG 36206: Compile check liblz4 (WITH_LZ4_EXT) (sub=0): gcc  -gstrict-dwarf -O2 -fPIC -Wall -Wsign-compare -Wfloat-equal -Wpointer-arith -Wcast-align -Wall -Werror _mkltmpR1CNBZ.c -o _mkltmpR1CNBZ.c.o  -L/Users/user/Desktop/Cloud-project-master-3/RedisSystem/node_modules/node-rdkafka/build/deps -llz4
DBG 36206: compile check for liblz4 (WITH_LZ4_EXT) failed: gcc  -gstrict-dwarf -O2 -fPIC -Wall -Wsign-compare -Wfloat-equal -Wpointer-arith -Wcast-align -Wall -Werror _mkltmpR1CNBZ.c -o _mkltmpR1CNBZ.c.o  -L/Users/user/Desktop/Cloud-project-master-3/RedisSystem/node_modules/node-rdkafka/build/deps -llz4: _mkltmpR1CNBZ.c:1:10: fatal error: 'lz4frame.h' file not found
#include <lz4frame.h>
         ^~~~~~~~~~~~
1 error generated.
DBG 36206: Setting liblz4 (liblz4) status to failed (action disable)
DBG 36206: Check liblz4 (WITH_LZ4_EXT, action disable (originally disable)) failed: compile check failed:
CC: CC
flags: -llz4
gcc  -gstrict-dwarf -O2 -fPIC -Wall -Wsign-compare -Wfloat-equal -Wpointer-arith -Wcast-align -Wall -Werror _mkltmpR1CNBZ.c -o _mkltmpR1CNBZ.c.o  -L/Users/user/Desktop/Cloud-project-master-3/RedisSystem/node_modules/node-rdkafka/build/deps -llz4:
_mkltmpR1CNBZ.c:1:10: fatal error: 'lz4frame.h' file not found
#include <lz4frame.h>
         ^~~~~~~~~~~~
1 error generated.
source: #include <lz4frame.h>
DBG 36206: Compile check syslog (WITH_SYSLOG) (sub=0): gcc  -gstrict-dwarf -O2 -fPIC -Wall -Wsign-compare -Wfloat-equal -Wpointer-arith -Wcast-align -Wall -Werror _mkltmpmCvxNO.c -o _mkltmpmCvxNO.c.o  -L/Users/user/Desktop/Cloud-project-master-3/RedisSystem/node_modules/node-rdkafka/build/deps 
DBG 36206: Setting syslog (syslog) status to ok (action disable)
DBG 36206: Compile check rapidjson (WITH_RAPIDJSON) (sub=0): g++  -gstrict-dwarf -O2 -fPIC -Wall -Wsign-compare -Wfloat-equal -Wpointer-arith -Wcast-align -Wall -Werror _mkltmpa5wKTN.cpp -o _mkltmpa5wKTN.cpp.o  -L/Users/user/Desktop/Cloud-project-master-3/RedisSystem/node_modules/node-rdkafka/build/deps 
DBG 36206: compile check for rapidjson (WITH_RAPIDJSON) failed: g++  -gstrict-dwarf -O2 -fPIC -Wall -Wsign-compare -Wfloat-equal -Wpointer-arith -Wcast-align -Wall -Werror _mkltmpa5wKTN.cpp -o _mkltmpa5wKTN.cpp.o  -L/Users/user/Desktop/Cloud-project-master-3/RedisSystem/node_modules/node-rdkafka/build/deps : _mkltmpa5wKTN.cpp:1:10: fatal error: 'rapidjson/schema.h' file not found
#include <rapidjson/schema.h>
         ^~~~~~~~~~~~~~~~~~~~
1 error generated.
DBG 36206: Setting rapidjson (rapidjson) status to failed (action disable)
DBG 36206: Check rapidjson (WITH_RAPIDJSON, action disable (originally disable)) failed: compile check failed:
CC: CXX
flags: 
g++  -gstrict-dwarf -O2 -fPIC -Wall -Wsign-compare -Wfloat-equal -Wpointer-arith -Wcast-align -Wall -Werror _mkltmpa5wKTN.cpp -o _mkltmpa5wKTN.cpp.o  -L/Users/user/Desktop/Cloud-project-master-3/RedisSystem/node_modules/node-rdkafka/build/deps :
_mkltmpa5wKTN.cpp:1:10: fatal error: 'rapidjson/schema.h' file not found
#include <rapidjson/schema.h>
         ^~~~~~~~~~~~~~~~~~~~
1 error generated.
source: #include <rapidjson/schema.h>
DBG 36206: Compile check crc32chw (WITH_CRC32C_HW) (sub=0): gcc  -gstrict-dwarf -O2 -fPIC -Wall -Wsign-compare -Wfloat-equal -Wpointer-arith -Wcast-align -Wall -Werror _mkltmpFywQ9x.c -o _mkltmpFywQ9x.c.o  -L/Users/user/Desktop/Cloud-project-master-3/RedisSystem/node_modules/node-rdkafka/build/deps 
DBG 36206: Setting crc32chw (crc32chw) status to ok (action disable)
DBG 36206: Compile check regex (HAVE_REGEX) (sub=0): gcc  -gstrict-dwarf -O2 -fPIC -Wall -Wsign-compare -Wfloat-equal -Wpointer-arith -Wcast-align -Wall -Werror _mkltmpkZ8X6q.c -o _mkltmpkZ8X6q.c.o  -L/Users/user/Desktop/Cloud-project-master-3/RedisSystem/node_modules/node-rdkafka/build/deps 
DBG 36206: Setting regex (regex) status to ok (action disable)
DBG 36206: Compile check rand_r (HAVE_RAND_R) (sub=0): gcc  -gstrict-dwarf -O2 -fPIC -Wall -Wsign-compare -Wfloat-equal -Wpointer-arith -Wcast-align -Wall -Werror _mkltmpaRoaBt.c -o _mkltmpaRoaBt.c.o  -L/Users/user/Desktop/Cloud-project-master-3/RedisSystem/node_modules/node-rdkafka/build/deps 
DBG 36206: Setting rand_r (rand_r) status to ok (action disable)
DBG 36206: Compile check strndup (HAVE_STRNDUP) (sub=0): gcc  -gstrict-dwarf -O2 -fPIC -Wall -Wsign-compare -Wfloat-equal -Wpointer-arith -Wcast-align -Wall -Werror _mkltmpyJM3tg.c -o _mkltmpyJM3tg.c.o  -L/Users/user/Desktop/Cloud-project-master-3/RedisSystem/node_modules/node-rdkafka/build/deps 
DBG 36206: Setting strndup (strndup) status to ok (action disable)
DBG 36206: Compile check strlcpy (HAVE_STRLCPY) (sub=0): gcc  -gstrict-dwarf -O2 -fPIC -Wall -Wsign-compare -Wfloat-equal -Wpointer-arith -Wcast-align -Wall -Werror _mkltmpFkiHas.c -o _mkltmpFkiHas.c.o  -L/Users/user/Desktop/Cloud-project-master-3/RedisSystem/node_modules/node-rdkafka/build/deps 
DBG 36206: Setting strlcpy (strlcpy) status to ok (action disable)
DBG 36206: Compile check strerror_r (HAVE_STRERROR_R) (sub=0): gcc  -gstrict-dwarf -O2 -fPIC -Wall -Wsign-compare -Wfloat-equal -Wpointer-arith -Wcast-align -Wall -Werror _mkltmprk1k6E.c -o _mkltmprk1k6E.c.o  -L/Users/user/Desktop/Cloud-project-master-3/RedisSystem/node_modules/node-rdkafka/build/deps 
DBG 36206: Setting strerror_r (strerror_r) status to ok (action disable)
DBG 36206: Compile check strcasestr (HAVE_STRCASESTR) (sub=0): gcc  -gstrict-dwarf -O2 -fPIC -Wall -Wsign-compare -Wfloat-equal -Wpointer-arith -Wcast-align -Wall -Werror _mkltmp32YuDx.c -o _mkltmp32YuDx.c.o  -L/Users/user/Desktop/Cloud-project-master-3/RedisSystem/node_modules/node-rdkafka/build/deps 
DBG 36206: Setting strcasestr (strcasestr) status to ok (action disable)
DBG 36206: Compile check pthread_setname_gnu (HAVE_PTHREAD_SETNAME_GNU) (sub=0): gcc  -gstrict-dwarf -O2 -fPIC -Wall -Wsign-compare -Wfloat-equal -Wpointer-arith -Wcast-align -Wall -Werror _mkltmpkXjXyo.c -o _mkltmpkXjXyo.c.o  -L/Users/user/Desktop/Cloud-project-master-3/RedisSystem/node_modules/node-rdkafka/build/deps -D_GNU_SOURCE -lpthread
DBG 36206: compile check for pthread_setname_gnu (HAVE_PTHREAD_SETNAME_GNU) failed: gcc  -gstrict-dwarf -O2 -fPIC -Wall -Wsign-compare -Wfloat-equal -Wpointer-arith -Wcast-align -Wall -Werror _mkltmpkXjXyo.c -o _mkltmpkXjXyo.c.o  -L/Users/user/Desktop/Cloud-project-master-3/RedisSystem/node_modules/node-rdkafka/build/deps -D_GNU_SOURCE -lpthread: _mkltmpkXjXyo.c:5:38: error: too many arguments to function call, expected 1, have 2
  pthread_setname_np(pthread_self(), "abc");
  ~~~~~~~~~~~~~~~~~~                 ^~~~~
/Library/Developer/CommandLineTools/SDKs/MacOSX10.15.sdk/usr/include/pthread.h:512:1: note: 'pthread_setname_np' declared here
__API_AVAILABLE(macos(10.6), ios(3.2))
^
/Library/Developer/CommandLineTools/SDKs/MacOSX10.15.sdk/usr/include/Availability.h:504:162: note: expanded from macro '__API_AVAILABLE'
    #define __API_AVAILABLE(...) __API_AVAILABLE_GET_MACRO(__VA_ARGS__,__API_AVAILABLE7, __API_AVAILABLE6, __API_AVAILABLE5, __API_AVAILABLE4, __API_AVAILABLE3, __API_AVAILABLE2, __API_AVAILABLE1, 0)(__VA_ARGS__)
                                                                                                                                                                 ^
1 error generated.
DBG 36206: Setting pthread_setname_gnu (pthread_setname_gnu) status to failed (action disable)
DBG 36206: Check pthread_setname_gnu (HAVE_PTHREAD_SETNAME_GNU, action disable (originally disable)) failed: compile check failed:
CC: CC
flags: -D_GNU_SOURCE -lpthread
gcc  -gstrict-dwarf -O2 -fPIC -Wall -Wsign-compare -Wfloat-equal -Wpointer-arith -Wcast-align -Wall -Werror _mkltmpkXjXyo.c -o _mkltmpkXjXyo.c.o  -L/Users/user/Desktop/Cloud-project-master-3/RedisSystem/node_modules/node-rdkafka/build/deps -D_GNU_SOURCE -lpthread:
_mkltmpkXjXyo.c:5:38: error: too many arguments to function call, expected 1, have 2
  pthread_setname_np(pthread_self(), "abc");
  ~~~~~~~~~~~~~~~~~~                 ^~~~~
/Library/Developer/CommandLineTools/SDKs/MacOSX10.15.sdk/usr/include/pthread.h:512:1: note: 'pthread_setname_np' declared here
__API_AVAILABLE(macos(10.6), ios(3.2))
^
/Library/Developer/CommandLineTools/SDKs/MacOSX10.15.sdk/usr/include/Availability.h:504:162: note: expanded from macro '__API_AVAILABLE'
    #define __API_AVAILABLE(...) __API_AVAILABLE_GET_MACRO(__VA_ARGS__,__API_AVAILABLE7, __API_AVAILABLE6, __API_AVAILABLE5, __API_AVAILABLE4, __API_AVAILABLE3, __API_AVAILABLE2, __API_AVAILABLE1, 0)(__VA_ARGS__)
                                                                                                                                                                 ^
1 error generated.
source: 
#include <pthread.h>

void foo (void) {
  pthread_setname_np(pthread_self(), "abc");
}

DBG 36206: Compile check pthread_setname_darwin (HAVE_PTHREAD_SETNAME_DARWIN) (sub=0): gcc  -gstrict-dwarf -O2 -fPIC -Wall -Wsign-compare -Wfloat-equal -Wpointer-arith -Wcast-align -Wall -Werror _mkltmpFBuDeW.c -o _mkltmpFBuDeW.c.o  -L/Users/user/Desktop/Cloud-project-master-3/RedisSystem/node_modules/node-rdkafka/build/deps -D_DARWIN_C_SOURCE -lpthread
DBG 36206: Setting pthread_setname_darwin (pthread_setname_darwin) status to ok (action disable)
DBG 36206: Setting nm (nm) status to ok (action cont)
DBG 36206: Compile check getrusage (HAVE_GETRUSAGE) (sub=0): gcc  -gstrict-dwarf -O2 -fPIC -Wall -Wsign-compare -Wfloat-equal -Wpointer-arith -Wcast-align -Wall -Werror _mkltmpDXlWTA.c -o _mkltmpDXlWTA.c.o  -L/Users/user/Desktop/Cloud-project-master-3/RedisSystem/node_modules/node-rdkafka/build/deps 
DBG 36206: Setting getrusage (getrusage) status to ok (action disable)
